<?xml version="1.0" encoding="UTF-8"?>
<robot generator="Robot 3.2.2 (Python 3.6.8 on win32)" generated="20201228 17:26:44.710" rpa="false">
<suite id="s1" name="RegisterNewAd" source="D:\Robotframework_Projects\FirstTry\TestCases\RegisterNewAd.robot">
<test id="s1-t1" name="Regiter new advertising">
<kw name="Open Browser To Home Page" library="resource">
<kw name="Open Browser" library="SeleniumLibrary">
<doc>Opens a new browser instance to the optional ``url``.</doc>
<arguments>
<arg>${HOMEPAGE URL}</arg>
<arg>${BROWSER}</arg>
</arguments>
<msg timestamp="20201228 17:26:46.782" level="INFO">Opening browser 'firefox' to base url 'https://www.sheypoor.com/'.</msg>
<msg timestamp="20201228 17:26:46.783" level="INFO">Firefox driver log is always forced to to: D:\Robotframework_Projects\FirstTry\Results\geckodriver-3.log</msg>
<status status="PASS" starttime="20201228 17:26:46.782" endtime="20201228 17:27:04.668"></status>
</kw>
<kw name="Maximize Browser Window" library="SeleniumLibrary">
<doc>Maximizes current browser window.</doc>
<status status="PASS" starttime="20201228 17:27:04.669" endtime="20201228 17:27:04.976"></status>
</kw>
<kw name="Set Selenium Speed" library="SeleniumLibrary">
<doc>Sets the delay that is waited after each Selenium command.</doc>
<arguments>
<arg>${DELAY}</arg>
</arguments>
<status status="PASS" starttime="20201228 17:27:04.976" endtime="20201228 17:27:04.977"></status>
</kw>
<kw name="Home Page Should Be Open" library="resource">
<kw name="Title Should Be" library="SeleniumLibrary">
<doc>Verifies that the current page title equals ``title``.</doc>
<arguments>
<arg>شیپور - نیازمندیهای رایگان خرید و فروش، استخدام و خدمات</arg>
</arguments>
<msg timestamp="20201228 17:27:05.072" level="INFO">Page title is 'شیپور - نیازمندیهای رایگان خرید و فروش، استخدام و خدمات'.</msg>
<status status="PASS" starttime="20201228 17:27:04.978" endtime="20201228 17:27:05.073"></status>
</kw>
<kw name="Page Should Contain" library="SeleniumLibrary">
<doc>Verifies that current page contains ``text``.</doc>
<arguments>
<arg>ثبت آگهی رایگان</arg>
</arguments>
<msg timestamp="20201228 17:27:05.357" level="INFO">Current page contains text 'ثبت آگهی رایگان'.</msg>
<status status="PASS" starttime="20201228 17:27:05.074" endtime="20201228 17:27:05.357"></status>
</kw>
<status status="PASS" starttime="20201228 17:27:04.977" endtime="20201228 17:27:05.358"></status>
</kw>
<status status="PASS" starttime="20201228 17:26:46.780" endtime="20201228 17:27:05.358"></status>
</kw>
<kw name="Click Link" library="SeleniumLibrary">
<doc>Clicks a link identified by ``locator``.</doc>
<arguments>
<arg>${New_Ad}</arg>
</arguments>
<msg timestamp="20201228 17:27:05.359" level="INFO">Clicking link 'xpath://*[@id="header"]/div[2]/div/div/a'.</msg>
<status status="PASS" starttime="20201228 17:27:05.359" endtime="20201228 17:27:07.056"></status>
</kw>
<kw name="Wait Until Page Contains Element" library="SeleniumLibrary">
<doc>Waits until the element ``locator`` appears on the current page.</doc>
<arguments>
<arg>${Categories}</arg>
</arguments>
<status status="PASS" starttime="20201228 17:27:07.059" endtime="20201228 17:27:07.108"></status>
</kw>
<kw name="Click Element" library="SeleniumLibrary">
<doc>Click the element identified by ``locator``.</doc>
<arguments>
<arg>${Categories}</arg>
</arguments>
<msg timestamp="20201228 17:27:07.117" level="INFO">Clicking element 'xpath://*[@id="item-form"]/div/div[1]/form/p[1]/a'.</msg>
<status status="PASS" starttime="20201228 17:27:07.116" endtime="20201228 17:27:07.556"></status>
</kw>
<kw name="Data Entry">
<kw name="Open Excel">
<kw name="Open Excel Document" library="ExcelLibrary">
<doc>Opens xlsx document file.</doc>
<arguments>
<arg>filename=${Excel_Path}/${Excel_Name}</arg>
<arg>doc_id=docid</arg>
</arguments>
<status status="PASS" starttime="20201228 17:27:07.559" endtime="20201228 17:27:08.587"></status>
</kw>
<kw name="Read Excel Row" library="ExcelLibrary">
<doc>Returns content of a row from the current sheet of the document.</doc>
<arguments>
<arg>row_num=2</arg>
<arg>max_num=7</arg>
<arg>sheet_name=${Excel_Sheet_Name}</arg>
</arguments>
<assign>
<var>@{RowData}</var>
</assign>
<msg timestamp="20201228 17:27:08.589" level="INFO">@{RowData} = [ وسایل نقلیه | خودرو | پژو | 206 (تیپ5) | تهران | تهران | آرژانتین ]</msg>
<status status="PASS" starttime="20201228 17:27:08.588" endtime="20201228 17:27:08.589"></status>
</kw>
<kw name="Set Variable" library="BuiltIn">
<doc>Returns the given values which can then be assigned to a variables.</doc>
<arguments>
<arg>${RowData[0]}</arg>
</arguments>
<assign>
<var>${1st_Category}</var>
</assign>
<msg timestamp="20201228 17:27:08.590" level="INFO">${1st_Category} = وسایل نقلیه</msg>
<status status="PASS" starttime="20201228 17:27:08.589" endtime="20201228 17:27:08.590"></status>
</kw>
<kw name="Set Variable" library="BuiltIn">
<doc>Returns the given values which can then be assigned to a variables.</doc>
<arguments>
<arg>${RowData[1]}</arg>
</arguments>
<assign>
<var>${2nd_Category}</var>
</assign>
<msg timestamp="20201228 17:27:08.592" level="INFO">${2nd_Category} = خودرو</msg>
<status status="PASS" starttime="20201228 17:27:08.591" endtime="20201228 17:27:08.592"></status>
</kw>
<kw name="Set Variable" library="BuiltIn">
<doc>Returns the given values which can then be assigned to a variables.</doc>
<arguments>
<arg>${RowData[2]}</arg>
</arguments>
<assign>
<var>${3rd_Category}</var>
</assign>
<msg timestamp="20201228 17:27:08.593" level="INFO">${3rd_Category} = پژو</msg>
<status status="PASS" starttime="20201228 17:27:08.592" endtime="20201228 17:27:08.593"></status>
</kw>
<kw name="Set Variable" library="BuiltIn">
<doc>Returns the given values which can then be assigned to a variables.</doc>
<arguments>
<arg>${RowData[3]}</arg>
</arguments>
<assign>
<var>${Type}</var>
</assign>
<msg timestamp="20201228 17:27:08.594" level="INFO">${Type} = 206 (تیپ5)</msg>
<status status="PASS" starttime="20201228 17:27:08.593" endtime="20201228 17:27:08.594"></status>
</kw>
<kw name="Set Variable" library="BuiltIn">
<doc>Returns the given values which can then be assigned to a variables.</doc>
<arguments>
<arg>${RowData[4]}</arg>
</arguments>
<assign>
<var>${Province}</var>
</assign>
<msg timestamp="20201228 17:27:08.595" level="INFO">${Province} = تهران</msg>
<status status="PASS" starttime="20201228 17:27:08.594" endtime="20201228 17:27:08.595"></status>
</kw>
<kw name="Set Variable" library="BuiltIn">
<doc>Returns the given values which can then be assigned to a variables.</doc>
<arguments>
<arg>${RowData[5]}</arg>
</arguments>
<assign>
<var>${County}</var>
</assign>
<msg timestamp="20201228 17:27:08.596" level="INFO">${County} = تهران</msg>
<status status="PASS" starttime="20201228 17:27:08.596" endtime="20201228 17:27:08.596"></status>
</kw>
<kw name="Set Variable" library="BuiltIn">
<doc>Returns the given values which can then be assigned to a variables.</doc>
<arguments>
<arg>${RowData[6]}</arg>
</arguments>
<assign>
<var>${Region}</var>
</assign>
<msg timestamp="20201228 17:27:08.598" level="INFO">${Region} = آرژانتین</msg>
<status status="PASS" starttime="20201228 17:27:08.597" endtime="20201228 17:27:08.598"></status>
</kw>
<kw name="Log To Console" library="BuiltIn">
<doc>Logs the given message to the console.</doc>
<arguments>
<arg>\n1st_Category=${1st_Category}, 2nd_Category=${2nd_Category}, 3rd_Category=${3rd_Category}, Type=${Type}</arg>
</arguments>
<status status="PASS" starttime="20201228 17:27:08.598" endtime="20201228 17:27:08.601"></status>
</kw>
<kw name="Set Test Variable" library="BuiltIn">
<doc>Makes a variable available everywhere within the scope of the current test.</doc>
<arguments>
<arg>@{RowData}</arg>
</arguments>
<msg timestamp="20201228 17:27:08.602" level="INFO">@{RowData} = [ وسایل نقلیه | خودرو | پژو | 206 (تیپ5) | تهران | تهران | آرژانتین ]</msg>
<status status="PASS" starttime="20201228 17:27:08.601" endtime="20201228 17:27:08.603"></status>
</kw>
<status status="PASS" starttime="20201228 17:27:07.558" endtime="20201228 17:27:08.603"></status>
</kw>
<kw name="Set Variable" library="BuiltIn">
<doc>Returns the given values which can then be assigned to a variables.</doc>
<arguments>
<arg>${RowData}[0]</arg>
</arguments>
<assign>
<var>${1st_Category}</var>
</assign>
<msg timestamp="20201228 17:27:08.604" level="INFO">${1st_Category} = وسایل نقلیه</msg>
<status status="PASS" starttime="20201228 17:27:08.604" endtime="20201228 17:27:08.605"></status>
</kw>
<kw name="Input Text" library="SeleniumLibrary">
<doc>Types the given ``text`` into the text field identified by ``locator``.</doc>
<arguments>
<arg>${Categories_Search}</arg>
<arg>${1st_Category}</arg>
</arguments>
<msg timestamp="20201228 17:27:08.605" level="INFO">Typing text 'وسایل نقلیه' into text field 'xpath://*[@id="popup-categories"]/div/div[2]/form/p/span/input'.</msg>
<status status="PASS" starttime="20201228 17:27:08.605" endtime="20201228 17:27:08.752"></status>
</kw>
<kw name="Click Element" library="SeleniumLibrary">
<doc>Click the element identified by ``locator``.</doc>
<arguments>
<arg>${Serach_Result}</arg>
</arguments>
<msg timestamp="20201228 17:27:08.753" level="INFO">Clicking element 'xpath://*[@id="popup-categories"]/div/div[2]/div/ul[1]/li/span'.</msg>
<status status="PASS" starttime="20201228 17:27:08.753" endtime="20201228 17:27:09.089"></status>
</kw>
<kw name="Set Variable" library="BuiltIn">
<doc>Returns the given values which can then be assigned to a variables.</doc>
<arguments>
<arg>${RowData}[1]</arg>
</arguments>
<assign>
<var>${2nd_Category}</var>
</assign>
<msg timestamp="20201228 17:27:09.090" level="INFO">${2nd_Category} = خودرو</msg>
<status status="PASS" starttime="20201228 17:27:09.089" endtime="20201228 17:27:09.090"></status>
</kw>
<kw name="Input Text" library="SeleniumLibrary">
<doc>Types the given ``text`` into the text field identified by ``locator``.</doc>
<arguments>
<arg>${Categories_Search}</arg>
<arg>${2nd_Category}</arg>
</arguments>
<msg timestamp="20201228 17:27:09.091" level="INFO">Typing text 'خودرو' into text field 'xpath://*[@id="popup-categories"]/div/div[2]/form/p/span/input'.</msg>
<status status="PASS" starttime="20201228 17:27:09.090" endtime="20201228 17:27:09.131"></status>
</kw>
<kw name="Click Element" library="SeleniumLibrary">
<doc>Click the element identified by ``locator``.</doc>
<arguments>
<arg>${Serach_Result}</arg>
</arguments>
<msg timestamp="20201228 17:27:09.132" level="INFO">Clicking element 'xpath://*[@id="popup-categories"]/div/div[2]/div/ul[1]/li/span'.</msg>
<status status="PASS" starttime="20201228 17:27:09.131" endtime="20201228 17:27:09.483"></status>
</kw>
<kw name="Set Variable" library="BuiltIn">
<doc>Returns the given values which can then be assigned to a variables.</doc>
<arguments>
<arg>${RowData}[2]</arg>
</arguments>
<assign>
<var>${3rd_Category}</var>
</assign>
<msg timestamp="20201228 17:27:09.484" level="INFO">${3rd_Category} = پژو</msg>
<status status="PASS" starttime="20201228 17:27:09.483" endtime="20201228 17:27:09.484"></status>
</kw>
<kw name="Input Text" library="SeleniumLibrary">
<doc>Types the given ``text`` into the text field identified by ``locator``.</doc>
<arguments>
<arg>${Categories_Search}</arg>
<arg>${3rd_Category}</arg>
</arguments>
<msg timestamp="20201228 17:27:09.485" level="INFO">Typing text 'پژو' into text field 'xpath://*[@id="popup-categories"]/div/div[2]/form/p/span/input'.</msg>
<status status="PASS" starttime="20201228 17:27:09.484" endtime="20201228 17:27:09.514"></status>
</kw>
<kw name="Sleep" library="BuiltIn">
<doc>Pauses the test executed for the given time.</doc>
<arguments>
<arg>3s</arg>
</arguments>
<msg timestamp="20201228 17:27:12.520" level="INFO">Slept 3 seconds</msg>
<status status="PASS" starttime="20201228 17:27:09.514" endtime="20201228 17:27:12.520"></status>
</kw>
<kw name="Click Element" library="SeleniumLibrary">
<doc>Click the element identified by ``locator``.</doc>
<arguments>
<arg>${Car_Name}</arg>
</arguments>
<msg timestamp="20201228 17:27:12.522" level="INFO">Clicking element 'xpath://*[@id="popup-categories"]/div/div[2]/div/ul/li/span'.</msg>
<status status="PASS" starttime="20201228 17:27:12.521" endtime="20201228 17:27:12.866"></status>
</kw>
<kw name="Sleep" library="BuiltIn">
<doc>Pauses the test executed for the given time.</doc>
<arguments>
<arg>3s</arg>
</arguments>
<msg timestamp="20201228 17:27:15.875" level="INFO">Slept 3 seconds</msg>
<status status="PASS" starttime="20201228 17:27:12.867" endtime="20201228 17:27:15.875"></status>
</kw>
<kw name="Click Element" library="SeleniumLibrary">
<doc>Click the element identified by ``locator``.</doc>
<arguments>
<arg>${Car_Model}</arg>
</arguments>
<msg timestamp="20201228 17:27:15.876" level="INFO">Clicking element 'xpath://*[@id="item-form"]/div/div[1]/form/div[1]/p/a'.</msg>
<status status="PASS" starttime="20201228 17:27:15.875" endtime="20201228 17:27:16.598"></status>
</kw>
<kw name="Set Variable" library="BuiltIn">
<doc>Returns the given values which can then be assigned to a variables.</doc>
<arguments>
<arg>${RowData}[3]</arg>
</arguments>
<assign>
<var>${Type}</var>
</assign>
<msg timestamp="20201228 17:27:16.599" level="INFO">${Type} = 206 (تیپ5)</msg>
<status status="PASS" starttime="20201228 17:27:16.598" endtime="20201228 17:27:16.599"></status>
</kw>
<kw name="Log To Console" library="BuiltIn">
<doc>Logs the given message to the console.</doc>
<arguments>
<arg>\nTypeOfCaris:</arg>
<arg>${Type}</arg>
</arguments>
<status status="PASS" starttime="20201228 17:27:16.599" endtime="20201228 17:27:16.600"></status>
</kw>
<kw name="Select From List By Value" library="SeleniumLibrary">
<doc>Selects options from selection list ``locator`` by ``values``.</doc>
<arguments>
<arg>@{Car_Model_List}</arg>
<arg>${Type}</arg>
</arguments>
<msg timestamp="20201228 17:27:16.601" level="INFO">Selecting options from selection list 'xpath://*[@id="item-form-a68142"]/div/ul' by value 206 (تیپ5).</msg>
<kw name="Capture Page Screenshot" library="SeleniumLibrary">
<doc>Takes a screenshot of the current page and embeds it into a log file.</doc>
<msg timestamp="20201228 17:27:17.183" level="INFO" html="yes">&lt;/td&gt;&lt;/tr&gt;&lt;tr&gt;&lt;td colspan="3"&gt;&lt;a href="selenium-screenshot-2.png"&gt;&lt;img src="selenium-screenshot-2.png" width="800px"&gt;&lt;/a&gt;</msg>
<status status="PASS" starttime="20201228 17:27:16.613" endtime="20201228 17:27:17.184"></status>
</kw>
<msg timestamp="20201228 17:27:17.794" level="FAIL">List with locator 'xpath://*[@id="item-form-a68142"]/div/ul' not found.</msg>
<status status="FAIL" starttime="20201228 17:27:16.600" endtime="20201228 17:27:17.794"></status>
</kw>
<status status="FAIL" starttime="20201228 17:27:07.557" endtime="20201228 17:27:17.795"></status>
</kw>
<status status="FAIL" starttime="20201228 17:26:46.778" endtime="20201228 17:27:17.796" critical="yes">List with locator 'xpath://*[@id="item-form-a68142"]/div/ul' not found.</status>
</test>
<doc>A test suite with a single test for registering new advertising.</doc>
<status status="FAIL" starttime="20201228 17:26:44.713" endtime="20201228 17:27:17.798"></status>
</suite>
<statistics>
<total>
<stat pass="0" fail="1">Critical Tests</stat>
<stat pass="0" fail="1">All Tests</stat>
</total>
<tag>
</tag>
<suite>
<stat pass="0" fail="1" id="s1" name="RegisterNewAd">RegisterNewAd</stat>
</suite>
</statistics>
<errors>
</errors>
</robot>
