<?xml version="1.0" encoding="UTF-8"?>
<robot generator="Robot 3.2.2 (Python 3.6.8 on win32)" generated="20210116 12:59:26.025" rpa="false">
<suite id="s1" name="Config" source="D:\Robot Framework\APITest\TesCases\Config.robot">
<test id="s1-t1" name="Test Different Versions of the CONFIG_API on all Platforms">
<kw name="Set Log Level" library="BuiltIn" type="setup">
<doc>Sets the log threshold to the specified level and returns the old level.</doc>
<arguments>
<arg>TRACE</arg>
</arguments>
<msg timestamp="20210116 12:59:26.891" level="INFO">Log level changed from INFO to TRACE.</msg>
<msg timestamp="20210116 12:59:26.891" level="TRACE">Return: 'INFO'</msg>
<status status="PASS" starttime="20210116 12:59:26.891" endtime="20210116 12:59:26.891"></status>
</kw>
<kw name="Retrieve Versions,Set Headers, Send Request And Validate Response">
<msg timestamp="20210116 12:59:26.892" level="TRACE">Arguments: [  ]</msg>
<kw name="Log To Console" library="BuiltIn">
<doc>Logs the given message to the console.</doc>
<arguments>
<arg>\nPlatform${SPACE}${SPACE}${SPACE}${SPACE}${SPACE}${SPACE}${SPACE}${SPACE}${SPACE}State</arg>
</arguments>
<msg timestamp="20210116 12:59:26.893" level="TRACE">Arguments: [ '\nPlatform         State' ]</msg>
<msg timestamp="20210116 12:59:26.899" level="TRACE">Return: None</msg>
<status status="PASS" starttime="20210116 12:59:26.892" endtime="20210116 12:59:26.899"></status>
</kw>
<kw name="${version} IN [ @{API_Versions} ]" type="for">
<kw name="${version} = v5.9.0" type="foritem">
<kw name="Set Test Variable" library="BuiltIn">
<doc>Makes a variable available everywhere within the scope of the current test.</doc>
<arguments>
<arg>${version}</arg>
</arguments>
<msg timestamp="20210116 12:59:26.902" level="TRACE">Arguments: [ '${version}' ]</msg>
<msg timestamp="20210116 12:59:26.909" level="INFO">${version} = v5.9.0</msg>
<msg timestamp="20210116 12:59:26.909" level="TRACE">Return: None</msg>
<status status="PASS" starttime="20210116 12:59:26.901" endtime="20210116 12:59:26.909"></status>
</kw>
<kw name="Set Headers Value For">
<arguments>
<arg>Android</arg>
</arguments>
<msg timestamp="20210116 12:59:26.910" level="TRACE">Arguments: [ ${Platform}='Android' ]</msg>
<kw name="${key} IN [ @{${Platform}.keys()} ]" type="for">
<kw name="${key} = X-AGENT-TYPE" type="foritem">
<kw name="Get From Dictionary" library="Collections">
<doc>Returns a value from the given ``dictionary`` based on the given ``key``.</doc>
<arguments>
<arg>${${Platform}}</arg>
<arg>${key}</arg>
</arguments>
<assign>
<var>${value}</var>
</assign>
<msg timestamp="20210116 12:59:26.911" level="TRACE">Arguments: [ {'App-Version': '5.9.0', 'X-AGENT-TYPE': 'Android App'} | 'X-AGENT-TYPE' ]</msg>
<msg timestamp="20210116 12:59:26.912" level="TRACE">Return: 'Android App'</msg>
<msg timestamp="20210116 12:59:26.912" level="INFO">${value} = Android App</msg>
<status status="PASS" starttime="20210116 12:59:26.911" endtime="20210116 12:59:26.912"></status>
</kw>
<kw name="Set Headers" library="REST">
<tags>
<tag>settings</tag>
</tags>
<doc>*Sets new request headers or updates the existing.*</doc>
<arguments>
<arg>{"key":"value"}</arg>
</arguments>
<msg timestamp="20210116 12:59:26.912" level="TRACE">Arguments: [ '{"key":"value"}' ]</msg>
<msg timestamp="20210116 12:59:26.912" level="TRACE">Return: {'Accept': 'application/json, */*',
 'Content-Type': 'application/json',
 'User-Agent': 'RESTinstance/1.0.2',
 'key': 'value'}</msg>
<status status="PASS" starttime="20210116 12:59:26.912" endtime="20210116 12:59:26.913"></status>
</kw>
<kw name="Set Test Variable" library="BuiltIn">
<doc>Makes a variable available everywhere within the scope of the current test.</doc>
<arguments>
<arg>${Platform}</arg>
</arguments>
<msg timestamp="20210116 12:59:26.913" level="TRACE">Arguments: [ '${Platform}' ]</msg>
<msg timestamp="20210116 12:59:26.913" level="INFO">${Platform} = Android</msg>
<msg timestamp="20210116 12:59:26.913" level="TRACE">Return: None</msg>
<status status="PASS" starttime="20210116 12:59:26.913" endtime="20210116 12:59:26.913"></status>
</kw>
<status status="PASS" starttime="20210116 12:59:26.911" endtime="20210116 12:59:26.913"></status>
</kw>
<kw name="${key} = App-Version" type="foritem">
<kw name="Get From Dictionary" library="Collections">
<doc>Returns a value from the given ``dictionary`` based on the given ``key``.</doc>
<arguments>
<arg>${${Platform}}</arg>
<arg>${key}</arg>
</arguments>
<assign>
<var>${value}</var>
</assign>
<msg timestamp="20210116 12:59:26.915" level="TRACE">Arguments: [ {'App-Version': '5.9.0', 'X-AGENT-TYPE': 'Android App'} | 'App-Version' ]</msg>
<msg timestamp="20210116 12:59:26.915" level="TRACE">Return: '5.9.0'</msg>
<msg timestamp="20210116 12:59:26.915" level="INFO">${value} = 5.9.0</msg>
<status status="PASS" starttime="20210116 12:59:26.914" endtime="20210116 12:59:26.915"></status>
</kw>
<kw name="Set Headers" library="REST">
<tags>
<tag>settings</tag>
</tags>
<doc>*Sets new request headers or updates the existing.*</doc>
<arguments>
<arg>{"key":"value"}</arg>
</arguments>
<msg timestamp="20210116 12:59:26.915" level="TRACE">Arguments: [ '{"key":"value"}' ]</msg>
<msg timestamp="20210116 12:59:26.915" level="TRACE">Return: {'Accept': 'application/json, */*',
 'Content-Type': 'application/json',
 'User-Agent': 'RESTinstance/1.0.2',
 'key': 'value'}</msg>
<status status="PASS" starttime="20210116 12:59:26.915" endtime="20210116 12:59:26.916"></status>
</kw>
<kw name="Set Test Variable" library="BuiltIn">
<doc>Makes a variable available everywhere within the scope of the current test.</doc>
<arguments>
<arg>${Platform}</arg>
</arguments>
<msg timestamp="20210116 12:59:26.916" level="TRACE">Arguments: [ '${Platform}' ]</msg>
<msg timestamp="20210116 12:59:26.917" level="INFO">${Platform} = Android</msg>
<msg timestamp="20210116 12:59:26.917" level="TRACE">Return: None</msg>
<status status="PASS" starttime="20210116 12:59:26.916" endtime="20210116 12:59:26.917"></status>
</kw>
<status status="PASS" starttime="20210116 12:59:26.914" endtime="20210116 12:59:26.917"></status>
</kw>
<status status="PASS" starttime="20210116 12:59:26.910" endtime="20210116 12:59:26.917"></status>
</kw>
<msg timestamp="20210116 12:59:26.917" level="TRACE">Return: None</msg>
<status status="PASS" starttime="20210116 12:59:26.910" endtime="20210116 12:59:26.917"></status>
</kw>
<kw name="Send Request And Validate Response">
<arguments>
<arg>Android</arg>
<arg>${version}</arg>
</arguments>
<msg timestamp="20210116 12:59:26.919" level="TRACE">Arguments: [ ${Platform}='Android' | ${version}='v5.9.0' ]</msg>
<kw name="Clear Expectations" library="REST">
<tags>
<tag>expectations</tag>
</tags>
<doc>*Resets the expectations for both request and response.*</doc>
<msg timestamp="20210116 12:59:26.920" level="TRACE">Arguments: [  ]</msg>
<msg timestamp="20210116 12:59:26.920" level="TRACE">Return: {'$schema': 'http://json-schema.org/draft-07/schema#',
 'default': True,
 'description': None,
 'examples': [],
 'properties': {'request': {'properties': {}, 'type': 'object'},
                'response': {'properties': {}, 'type': 'object'}},
 'title': 'https://www.sheypoor.com/api',
 'type': 'object'}</msg>
<status status="PASS" starttime="20210116 12:59:26.920" endtime="20210116 12:59:26.921"></status>
</kw>
<kw name="Expect Response" library="REST">
<tags>
<tag>expectations</tag>
</tags>
<doc>*Sets the schema to validate the response properties.*</doc>
<arguments>
<arg>${Response_Path}/${Response_File}_${version}_${Platform}.json</arg>
</arguments>
<msg timestamp="20210116 12:59:26.924" level="TRACE">Arguments: [ '../Outputs/ExpectedResponse_v5.9.0_Android.json' ]</msg>
<msg timestamp="20210116 12:59:26.925" level="TRACE">Return: {'properties': {'body': {'properties': {'contact': {'properties': {'email': {'default': 'info@sheypoor.com',
                                                                             'type': 'string'},
                                                                   'internationalTel': {'default': '+982154587',
                                                                                        'type': 'string'},
                                                                   'tel': {'default': '02154587',
                                                                           'type': 'string'}},
                                                    'required': ['email',
                                                                 'internationalTel',
                                                                 'tel'],
                                                    'type': 'object'},
                                        'features': {'properties': {'advertisement': {'default': False,
                                                                                      'type': 'boolean'},
                                                                    'all-iran-feature': {'default': True,
                                                                                         'type': 'boolean'},
                                                                    'bump': {'default': True,
                                                                             'type': 'boolean'},
                                                                    'car-hide-price': {'default': False,
                                                                                       'type': 'boolean'},
                                                                    'car-show-price-range': {'default': False,
                                                                                             'type': 'boolean'},
                                                                    'carBodyInsurance': {'default': False,
                                                                                         'type': 'boolean'},
                                                                    'carCertification': {'default': False,
                                                                                         'type': 'boolean'},
                                                                    'carCertificationBuyer': {'default': False,
                                                                                              'type': 'boolean'},
                                                                    'carCertificationUi': {'default': True,
                                                                                           'type': 'boolean'},
                                                                    'carSearch': {'default': False,
                                                                                  'type': 'boolean'},
                                                                    'chat': {'default': False,
                                                                             'type': 'boolean'},
                                                                    'cod': {'default': False,
                                                                            'type': 'boolean'},
                                                                    'consultant': {'default': True,
                                                                                   'type': 'boolean'},
                                                                    'dot-ir': {'default': False,
                                                                               'type': 'boolean'},
                                                                    'hamshahri': {'default': False,
                                                                                  'type': 'boolean'},
                                                                    'hidePrice': {'default': True,
                                                                                  'type': 'boolean'},
                                                                    'leads': {'default': False,
                                                                              'type': 'boolean'},
                                                                    'leads-views': {'default': False,
                                                                                    'type': 'boolean'},
                                                                    'leasing': {'default': False,
                                                                                'type': 'boolean'},
                                                                    'newChat': {'default': True,
                                                                                'type': 'boolean'},
                                                                    'notifications': {'default': False,
                                                                                      'type': 'boolean'},
                                                                    'outOfIran': {'default': False,
                                                                                  'type': 'boolean'},
                                                                    'package-more-view': {'default': False,
                                                                                          'type': 'boolean'},
                                                                    'paid-features': {'default': True,
                                                                                      'type': 'boolean'},
                                                                    'paid-features-bumps': {'default': True,
                                                                                            'type': 'boolean'},
                                                                    'paid-tag': {'default': True,
                                                                                 'type': 'boolean'},
                                                                    'performance-log': {'default': True,
                                                                                        'type': 'boolean'},
                                                                    'post-moderation': {'default': False,
                                                                                        'type': 'boolean'},
                                                                    'priceTag': {'default': False,
                                                                                 'type': 'boolean'},
                                                                    'priceTagBI': {'default': False,
                                                                                   'type': 'boolean'},
                                                                    'real-estate-hide-price': {'default': True,
                                                                                               'type': 'boolean'},
                                                                    'real-estate-hide-price-rent': {'default': True,
                                                                                                    'type': 'boolean'},
                                                                    'real-estate-show-price-range': {'default': False,
                                                                                                     'type': 'boolean'},
                                                                    'resume-bank': {'default': False,
                                                                                    'type': 'boolean'},
                                                                    'savedSearch': {'default': True,
                                                                                    'type': 'boolean'},
                                                                    'secure-purchase': {'default': True,
                                                                                        'type': 'boolean'},
                                                                    'secure-purchase-delivery': {'default': True,
                                                                                                 'type': 'boolean'},
                                                                    'shop-in-serp': {'default': True,
                                                                                     'type': 'boolean'},
                                                                    'shop-secure-purchase-in-post-listing': {'default': False,
                                                                                                             'type': 'boolean'},
                                                                    'thirdPartyInsurance': {'default': False,
                                                                                            'type': 'boolean'},
                                                                    'user-rating': {'default': False,
                                                                                    'type': 'boolean'},
                                                                    'user-secure-purchase-in-post-listing': {'default': False,
                                                                                                             'type': 'boolean'},
                                                                    'video': {'default': True,
                                                                              'type': 'boolean'},
                                                                    'views': {'default': True,
                                                                              'type': 'boolean'},
                                                                    'visibility': {'default': False,
                                                                                   'type': 'boolean'},
                                                                    'weblink': {'default': True,
                                                                                'type': 'boolean'}},
                                                     'required': ['advertisement',
                                                                  'all-iran-feature',
                                                                  'bump',
                                                                  'car-hide-price',
                                                                  'car-show-price-range',
                                                                  'carBodyInsurance',
                                                                  'carCertification',
                                                                  'carCertificationBuyer',
                                                                  'carCertificationUi',
                                                                  'carSearch',
                                                                  'chat',
                                                                  'cod',
                                                                  'consultant',
                                                                  'dot-ir',
                                                                  'hamshahri',
                                                                  'hidePrice',
                                                                  'leads',
                                                                  'leads-views',
                                                                  'leasing',
                                                                  'newChat',
                                                                  'notifications',
                                                                  'outOfIran',
                                                                  'package-more-view',
                                                                  'paid-features',
                                                                  'paid-features-bumps',
                                                                  'paid-tag',
                                                                  'performance-log',
                                                                  'post-moderation',
                                                                  'priceTag',
                                                                  'priceTagBI',
                                                                  'real-estate-hide-price',
                                                                  'real-estate-hide-price-rent',
                                                                  'real-estate-show-price-range',
                                                                  'resume-bank',
                                                                  'savedSearch',
                                                                  'secure-purchase',
                                                                  'secure-purchase-delivery',
                                                                  'shop-in-serp',
                                                                  'shop-secure-purchase-in-post-listing',
                                                                  'thirdPartyInsurance',
                                                                  'user-rating',
                                                                  'user-secure-purchase-in-post-listing',
                                                                  'video',
                                                                  'views',
                                                                  'visibility',
                                                                  'weblink'],
                                                     'type': 'object'},
                                        'listing': {'properties': {'filter': {'properties': {'withImage': {'default': True,
                                                                                                           'type': 'boolean'},
                                                                                             'withImageException': {'default': [43633,
                                                                                                                                43632,
                                                                                                                                44100,
                                                                                                                                44116,
                                                                                                                                44101,
                                                                                                                                44102,
                                                                                                                                44103,
                                                                                                                                44104,
                                                                                                                                44105,
                                                                                                                                44106,
                                                                                                                                44107,
                                                                                                                                44108,
                                                                                                                                43631,
                                                                                                                                43637,
                                                                                                                                43634,
                                                                                                                                43635,
                                                                                                                                43618],
                                                                                                                    'items': {'type': 'integer'},
                                                                                                                    'type': 'array'}},
                                                                              'required': ['withImage',
                                                                                           'withImageException'],
                                                                              'type': 'object'},
                                                                   'new': {'properties': {'maxPrice': {'default': 1000000000000,
                                                                                                       'type': 'integer'}},
                                                                           'required': ['maxPrice'],
                                                                           'type': 'object'}},
                                                    'required': ['filter',
                                                                 'new'],
                                                    'type': 'object'},
                                        'notifications': {'default': [],
                                                          'type': 'array'},
                                        'priceControl': {'default': [],
                                                         'type': 'array'}},
                         'required': ['contact',
                                      'features',
                                      'listing',
                                      'notifications',
                                      'priceControl'],
                         'type': 'object'}},
 'type': 'object'}</msg>
<status status="PASS" starttime="20210116 12:59:26.922" endtime="20210116 12:59:26.936"></status>
</kw>
<kw name="Send Get Request">
<msg timestamp="20210116 12:59:26.939" level="TRACE">Arguments: [  ]</msg>
<kw name="Get" library="REST">
<tags>
<tag>http</tag>
</tags>
<doc>*Sends a GET request to the endpoint.*</doc>
<arguments>
<arg>${version}${EndPoint}</arg>
</arguments>
<msg timestamp="20210116 12:59:26.939" level="TRACE">Arguments: [ 'v5.9.0/general/config' ]</msg>
<msg timestamp="20210116 12:59:26.944" level="DEBUG">Starting new HTTPS connection (1): www.sheypoor.com:443</msg>
<msg timestamp="20210116 12:59:27.371" level="DEBUG">https://www.sheypoor.com:443 "GET /api/v5.9.0/general/config HTTP/1.1" 200 572</msg>
<msg timestamp="20210116 12:59:27.470" level="TRACE">Return: {'body': {'contact': {'email': 'info@sheypoor.com',
                      'internationalTel': '+982154587',
                      'tel': '02154587'},
          'features': {'advertisement': False,
                       'all-iran-feature': True,
                       'bump': True,
                       'car-hide-price': False,
                       'car-show-price-range': False,
                       'carBodyInsurance': False,
                       'carCertification': False,
                       'carCertificationBuyer': False,
                       'carCertificationUi': True,
                       'carSearch': False,
                       'chat': False,
                       'cod': True,
                       'consultant': True,
                       'dot-ir': False,
                       'hamshahri': False,
                       'hidePrice': True,
                       'leads': False,
                       'leads-views': False,
                       'leasing': False,
                       'newChat': True,
                       'notifications': False,
                       'outOfIran': False,
                       'package-more-view': False,
                       'paid-features': True,
                       'paid-features-bumps': True,
                       'paid-tag': True,
                       'performance-log': True,
                       'post-moderation': False,
                       'priceTag': False,
                       'priceTagBI': False,
                       'real-estate-hide-price': True,
                       'real-estate-hide-price-rent': True,
                       'real-estate-show-price-range': False,
                       'resume-bank': False,
                       'savedSearch': True,
                       'secure-purchase': True,
                       'secure-purchase-delivery': True,
                       'shop-in-serp': True,
                       'shop-secure-purchase-in-post-listing': False,
                       'thirdPartyInsurance': False,
                       'user-rating': False,
                       'user-secure-purchase-in-post-listing': False,
                       'video': True,
                       'views': True,
                       'visibility': False,
                       'weblink': True},
          'listing': {'filter': {'withImage': True,
                                 'withImageException': [43633,
                                                        43632,
                                                        44100,
                                                        44116,
                                                        44101,
                                                        44102,
                                                        44103,
                                                        44104,
                                                        44105,
                                                        44106,
                                                        44107,
                                                        44108,
                                                        43631,
                                                        43637,
                                                        43634,
                                                        43635,
                                                        43618]},
                      'new': {'maxPrice': 1000000000000}},
          'notifications': [],
          'priceControl': []},
 'headers': {'Accept-Ranges': 'bytes',
             'Age': '433',
             'Cache-Control': 'public, max-age=60',
             'Connection': 'keep-alive',
             'Content-Encoding': 'gzip',
             'Content-Length': '572',
             'Content-Type': 'application/json; charset=UTF-8',
             'Date': 'Sat, 16 Jan 2021 09:29:23 GMT',
             'Expires': 'Sat, 16 Jan 2021 09:23:10 GMT',
             'Last-Modified': 'Sat, 16 Jan 2021 09:22:10 GMT',
             'Server': 'nginx/1.16.1',
             'Strict-Transport-Security': 'max-age=172800; includeSubDomains',
             'X-Cache': 'HIT'},
 'seconds': 0.42813799999999996,
 'status': 200}</msg>
<status status="PASS" starttime="20210116 12:59:26.939" endtime="20210116 12:59:27.472"></status>
</kw>
<msg timestamp="20210116 12:59:27.472" level="TRACE">Return: None</msg>
<status status="PASS" starttime="20210116 12:59:26.937" endtime="20210116 12:59:27.472"></status>
</kw>
<kw name="Run Keyword And Return Status" library="BuiltIn">
<doc>Runs the given keyword with given arguments and returns the status as a Boolean value.</doc>
<arguments>
<arg>Expect Response</arg>
<arg>${Response_Path}/${Response_File}_${version}_${Platform}.json</arg>
</arguments>
<assign>
<var>${Result}</var>
</assign>
<msg timestamp="20210116 12:59:27.473" level="TRACE">Arguments: [ 'Expect Response' | '${Response_Path}/${Response_File}_${version}_${Platform}.json' ]</msg>
<kw name="Expect Response" library="REST">
<tags>
<tag>expectations</tag>
</tags>
<doc>*Sets the schema to validate the response properties.*</doc>
<arguments>
<arg>${Response_Path}/${Response_File}_${version}_${Platform}.json</arg>
</arguments>
<msg timestamp="20210116 12:59:27.473" level="TRACE">Arguments: [ '../Outputs/ExpectedResponse_v5.9.0_Android.json' ]</msg>
<msg timestamp="20210116 12:59:27.474" level="TRACE">Return: {'properties': {'body': {'properties': {'contact': {'properties': {'email': {'default': 'info@sheypoor.com',
                                                                             'type': 'string'},
                                                                   'internationalTel': {'default': '+982154587',
                                                                                        'type': 'string'},
                                                                   'tel': {'default': '02154587',
                                                                           'type': 'string'}},
                                                    'required': ['email',
                                                                 'internationalTel',
                                                                 'tel'],
                                                    'type': 'object'},
                                        'features': {'properties': {'advertisement': {'default': False,
                                                                                      'type': 'boolean'},
                                                                    'all-iran-feature': {'default': True,
                                                                                         'type': 'boolean'},
                                                                    'bump': {'default': True,
                                                                             'type': 'boolean'},
                                                                    'car-hide-price': {'default': False,
                                                                                       'type': 'boolean'},
                                                                    'car-show-price-range': {'default': False,
                                                                                             'type': 'boolean'},
                                                                    'carBodyInsurance': {'default': False,
                                                                                         'type': 'boolean'},
                                                                    'carCertification': {'default': False,
                                                                                         'type': 'boolean'},
                                                                    'carCertificationBuyer': {'default': False,
                                                                                              'type': 'boolean'},
                                                                    'carCertificationUi': {'default': True,
                                                                                           'type': 'boolean'},
                                                                    'carSearch': {'default': False,
                                                                                  'type': 'boolean'},
                                                                    'chat': {'default': False,
                                                                             'type': 'boolean'},
                                                                    'cod': {'default': False,
                                                                            'type': 'boolean'},
                                                                    'consultant': {'default': True,
                                                                                   'type': 'boolean'},
                                                                    'dot-ir': {'default': False,
                                                                               'type': 'boolean'},
                                                                    'hamshahri': {'default': False,
                                                                                  'type': 'boolean'},
                                                                    'hidePrice': {'default': True,
                                                                                  'type': 'boolean'},
                                                                    'leads': {'default': False,
                                                                              'type': 'boolean'},
                                                                    'leads-views': {'default': False,
                                                                                    'type': 'boolean'},
                                                                    'leasing': {'default': False,
                                                                                'type': 'boolean'},
                                                                    'newChat': {'default': True,
                                                                                'type': 'boolean'},
                                                                    'notifications': {'default': False,
                                                                                      'type': 'boolean'},
                                                                    'outOfIran': {'default': False,
                                                                                  'type': 'boolean'},
                                                                    'package-more-view': {'default': False,
                                                                                          'type': 'boolean'},
                                                                    'paid-features': {'default': True,
                                                                                      'type': 'boolean'},
                                                                    'paid-features-bumps': {'default': True,
                                                                                            'type': 'boolean'},
                                                                    'paid-tag': {'default': True,
                                                                                 'type': 'boolean'},
                                                                    'performance-log': {'default': True,
                                                                                        'type': 'boolean'},
                                                                    'post-moderation': {'default': False,
                                                                                        'type': 'boolean'},
                                                                    'priceTag': {'default': False,
                                                                                 'type': 'boolean'},
                                                                    'priceTagBI': {'default': False,
                                                                                   'type': 'boolean'},
                                                                    'real-estate-hide-price': {'default': True,
                                                                                               'type': 'boolean'},
                                                                    'real-estate-hide-price-rent': {'default': True,
                                                                                                    'type': 'boolean'},
                                                                    'real-estate-show-price-range': {'default': False,
                                                                                                     'type': 'boolean'},
                                                                    'resume-bank': {'default': False,
                                                                                    'type': 'boolean'},
                                                                    'savedSearch': {'default': True,
                                                                                    'type': 'boolean'},
                                                                    'secure-purchase': {'default': True,
                                                                                        'type': 'boolean'},
                                                                    'secure-purchase-delivery': {'default': True,
                                                                                                 'type': 'boolean'},
                                                                    'shop-in-serp': {'default': True,
                                                                                     'type': 'boolean'},
                                                                    'shop-secure-purchase-in-post-listing': {'default': False,
                                                                                                             'type': 'boolean'},
                                                                    'thirdPartyInsurance': {'default': False,
                                                                                            'type': 'boolean'},
                                                                    'user-rating': {'default': False,
                                                                                    'type': 'boolean'},
                                                                    'user-secure-purchase-in-post-listing': {'default': False,
                                                                                                             'type': 'boolean'},
                                                                    'video': {'default': True,
                                                                              'type': 'boolean'},
                                                                    'views': {'default': True,
                                                                              'type': 'boolean'},
                                                                    'visibility': {'default': False,
                                                                                   'type': 'boolean'},
                                                                    'weblink': {'default': True,
                                                                                'type': 'boolean'}},
                                                     'required': ['advertisement',
                                                                  'all-iran-feature',
                                                                  'bump',
                                                                  'car-hide-price',
                                                                  'car-show-price-range',
                                                                  'carBodyInsurance',
                                                                  'carCertification',
                                                                  'carCertificationBuyer',
                                                                  'carCertificationUi',
                                                                  'carSearch',
                                                                  'chat',
                                                                  'cod',
                                                                  'consultant',
                                                                  'dot-ir',
                                                                  'hamshahri',
                                                                  'hidePrice',
                                                                  'leads',
                                                                  'leads-views',
                                                                  'leasing',
                                                                  'newChat',
                                                                  'notifications',
                                                                  'outOfIran',
                                                                  'package-more-view',
                                                                  'paid-features',
                                                                  'paid-features-bumps',
                                                                  'paid-tag',
                                                                  'performance-log',
                                                                  'post-moderation',
                                                                  'priceTag',
                                                                  'priceTagBI',
                                                                  'real-estate-hide-price',
                                                                  'real-estate-hide-price-rent',
                                                                  'real-estate-show-price-range',
                                                                  'resume-bank',
                                                                  'savedSearch',
                                                                  'secure-purchase',
                                                                  'secure-purchase-delivery',
                                                                  'shop-in-serp',
                                                                  'shop-secure-purchase-in-post-listing',
                                                                  'thirdPartyInsurance',
                                                                  'user-rating',
                                                                  'user-secure-purchase-in-post-listing',
                                                                  'video',
                                                                  'views',
                                                                  'visibility',
                                                                  'weblink'],
                                                     'type': 'object'},
                                        'listing': {'properties': {'filter': {'properties': {'withImage': {'default': True,
                                                                                                           'type': 'boolean'},
                                                                                             'withImageException': {'default': [43633,
                                                                                                                                43632,
                                                                                                                                44100,
                                                                                                                                44116,
                                                                                                                                44101,
                                                                                                                                44102,
                                                                                                                                44103,
                                                                                                                                44104,
                                                                                                                                44105,
                                                                                                                                44106,
                                                                                                                                44107,
                                                                                                                                44108,
                                                                                                                                43631,
                                                                                                                                43637,
                                                                                                                                43634,
                                                                                                                                43635,
                                                                                                                                43618],
                                                                                                                    'items': {'type': 'integer'},
                                                                                                                    'type': 'array'}},
                                                                              'required': ['withImage',
                                                                                           'withImageException'],
                                                                              'type': 'object'},
                                                                   'new': {'properties': {'maxPrice': {'default': 1000000000000,
                                                                                                       'type': 'integer'}},
                                                                           'required': ['maxPrice'],
                                                                           'type': 'object'}},
                                                    'required': ['filter',
                                                                 'new'],
                                                    'type': 'object'},
                                        'notifications': {'default': [],
                                                          'type': 'array'},
                                        'priceControl': {'default': [],
                                                         'type': 'array'}},
                         'required': ['contact',
                                      'features',
                                      'listing',
                                      'notifications',
                                      'priceControl'],
                         'type': 'object'}},
 'type': 'object'}</msg>
<status status="PASS" starttime="20210116 12:59:27.473" endtime="20210116 12:59:27.482"></status>
</kw>
<msg timestamp="20210116 12:59:27.482" level="TRACE">Return: True</msg>
<msg timestamp="20210116 12:59:27.482" level="INFO">${Result} = True</msg>
<status status="PASS" starttime="20210116 12:59:27.473" endtime="20210116 12:59:27.482"></status>
</kw>
<kw name="Run Keyword If" library="BuiltIn">
<doc>Runs the given keyword with the given arguments, if ``condition`` is true.</doc>
<arguments>
<arg>${Result}==True</arg>
<arg>Log To Console</arg>
<arg>\n${Platform}${SPACE}${version}${SPACE}${SPACE}${SPACE}${SPACE}${SPACE}"True"</arg>
<arg>ELSE</arg>
<arg>Log To Console</arg>
<arg>\n${Platform}${SPACE}${version}${SPACE}${SPACE}${SPACE}${SPACE}${SPACE}"False"</arg>
</arguments>
<msg timestamp="20210116 12:59:27.483" level="TRACE">Arguments: [ 'True==True' | 'Log To Console' | '\\n${Platform}${SPACE}${version}${SPACE}${SPACE}${SPACE}${SPACE}${SPACE}"True"' | 'ELSE' | 'Log To Console' | '\\n${Platform}${SPACE}${version}${SPACE}${SPACE}${SPACE}${SPACE}${SPACE}"False"' ]</msg>
<kw name="Log To Console" library="BuiltIn">
<doc>Logs the given message to the console.</doc>
<arguments>
<arg>\n${Platform}${SPACE}${version}${SPACE}${SPACE}${SPACE}${SPACE}${SPACE}"True"</arg>
</arguments>
<msg timestamp="20210116 12:59:27.483" level="TRACE">Arguments: [ '\nAndroid v5.9.0     "True"' ]</msg>
<msg timestamp="20210116 12:59:27.484" level="TRACE">Return: None</msg>
<status status="PASS" starttime="20210116 12:59:27.483" endtime="20210116 12:59:27.484"></status>
</kw>
<msg timestamp="20210116 12:59:27.484" level="TRACE">Return: None</msg>
<status status="PASS" starttime="20210116 12:59:27.482" endtime="20210116 12:59:27.484"></status>
</kw>
<msg timestamp="20210116 12:59:27.484" level="TRACE">Return: None</msg>
<status status="PASS" starttime="20210116 12:59:26.918" endtime="20210116 12:59:27.484"></status>
</kw>
<kw name="Set Headers Value For">
<arguments>
<arg>Desktop_Web</arg>
</arguments>
<msg timestamp="20210116 12:59:27.485" level="TRACE">Arguments: [ ${Platform}='Desktop_Web' ]</msg>
<kw name="${key} IN [ @{${Platform}.keys()} ]" type="for">
<kw name="${key} = User-Agent" type="foritem">
<kw name="Get From Dictionary" library="Collections">
<doc>Returns a value from the given ``dictionary`` based on the given ``key``.</doc>
<arguments>
<arg>${${Platform}}</arg>
<arg>${key}</arg>
</arguments>
<assign>
<var>${value}</var>
</assign>
<msg timestamp="20210116 12:59:27.486" level="TRACE">Arguments: [ {'User-Agent': 'Mozilla/5.0 (Windows NT 10.0; Win64; x64) AppleWebKit/537.36 (KHTML, like Gecko) Chrome/74.0.3729.131 Safari/537.36'} | 'User-Agent' ]</msg>
<msg timestamp="20210116 12:59:27.486" level="TRACE">Return: 'Mozilla/5.0 (Windows NT 10.0; Win64; x64) AppleWebKit/537.36 (KHTML, like Gecko) Chrome/74.0.3729.131 Safari/537.36'</msg>
<msg timestamp="20210116 12:59:27.486" level="INFO">${value} = Mozilla/5.0 (Windows NT 10.0; Win64; x64) AppleWebKit/537.36 (KHTML, like Gecko) Chrome/74.0.3729.131 Safari/537.36</msg>
<status status="PASS" starttime="20210116 12:59:27.486" endtime="20210116 12:59:27.486"></status>
</kw>
<kw name="Set Headers" library="REST">
<tags>
<tag>settings</tag>
</tags>
<doc>*Sets new request headers or updates the existing.*</doc>
<arguments>
<arg>{"key":"value"}</arg>
</arguments>
<msg timestamp="20210116 12:59:27.487" level="TRACE">Arguments: [ '{"key":"value"}' ]</msg>
<msg timestamp="20210116 12:59:27.488" level="TRACE">Return: {'Accept': 'application/json, */*',
 'Content-Type': 'application/json',
 'User-Agent': 'RESTinstance/1.0.2',
 'key': 'value'}</msg>
<status status="PASS" starttime="20210116 12:59:27.487" endtime="20210116 12:59:27.488"></status>
</kw>
<kw name="Set Test Variable" library="BuiltIn">
<doc>Makes a variable available everywhere within the scope of the current test.</doc>
<arguments>
<arg>${Platform}</arg>
</arguments>
<msg timestamp="20210116 12:59:27.488" level="TRACE">Arguments: [ '${Platform}' ]</msg>
<msg timestamp="20210116 12:59:27.488" level="INFO">${Platform} = Desktop_Web</msg>
<msg timestamp="20210116 12:59:27.489" level="TRACE">Return: None</msg>
<status status="PASS" starttime="20210116 12:59:27.488" endtime="20210116 12:59:27.489"></status>
</kw>
<status status="PASS" starttime="20210116 12:59:27.486" endtime="20210116 12:59:27.489"></status>
</kw>
<status status="PASS" starttime="20210116 12:59:27.485" endtime="20210116 12:59:27.489"></status>
</kw>
<msg timestamp="20210116 12:59:27.489" level="TRACE">Return: None</msg>
<status status="PASS" starttime="20210116 12:59:27.485" endtime="20210116 12:59:27.489"></status>
</kw>
<kw name="Send Request And Validate Response">
<arguments>
<arg>Desktop_Web</arg>
<arg>${version}</arg>
</arguments>
<msg timestamp="20210116 12:59:27.490" level="TRACE">Arguments: [ ${Platform}='Desktop_Web' | ${version}='v5.9.0' ]</msg>
<kw name="Clear Expectations" library="REST">
<tags>
<tag>expectations</tag>
</tags>
<doc>*Resets the expectations for both request and response.*</doc>
<msg timestamp="20210116 12:59:27.490" level="TRACE">Arguments: [  ]</msg>
<msg timestamp="20210116 12:59:27.490" level="TRACE">Return: {'$schema': 'http://json-schema.org/draft-07/schema#',
 'default': True,
 'description': None,
 'examples': [],
 'properties': {'request': {'properties': {}, 'type': 'object'},
                'response': {'properties': {}, 'type': 'object'}},
 'title': 'https://www.sheypoor.com/api',
 'type': 'object'}</msg>
<status status="PASS" starttime="20210116 12:59:27.490" endtime="20210116 12:59:27.491"></status>
</kw>
<kw name="Expect Response" library="REST">
<tags>
<tag>expectations</tag>
</tags>
<doc>*Sets the schema to validate the response properties.*</doc>
<arguments>
<arg>${Response_Path}/${Response_File}_${version}_${Platform}.json</arg>
</arguments>
<msg timestamp="20210116 12:59:27.491" level="TRACE">Arguments: [ '../Outputs/ExpectedResponse_v5.9.0_Desktop_Web.json' ]</msg>
<msg timestamp="20210116 12:59:27.492" level="TRACE">Return: {'properties': {'body': {'properties': {'contact': {'properties': {'email': {'default': 'info@sheypoor.com',
                                                                             'type': 'string'},
                                                                   'internationalTel': {'default': '+982154587',
                                                                                        'type': 'string'},
                                                                   'tel': {'default': '02154587',
                                                                           'type': 'string'}},
                                                    'required': ['email',
                                                                 'internationalTel',
                                                                 'tel'],
                                                    'type': 'object'},
                                        'features': {'properties': {'advertisement': {'default': False,
                                                                                      'type': 'boolean'},
                                                                    'all-iran-feature': {'default': True,
                                                                                         'type': 'boolean'},
                                                                    'bump': {'default': True,
                                                                             'type': 'boolean'},
                                                                    'car-hide-price': {'default': False,
                                                                                       'type': 'boolean'},
                                                                    'car-show-price-range': {'default': False,
                                                                                             'type': 'boolean'},
                                                                    'carBodyInsurance': {'default': False,
                                                                                         'type': 'boolean'},
                                                                    'carCertification': {'default': False,
                                                                                         'type': 'boolean'},
                                                                    'carCertificationBuyer': {'default': False,
                                                                                              'type': 'boolean'},
                                                                    'carCertificationUi': {'default': True,
                                                                                           'type': 'boolean'},
                                                                    'carSearch': {'default': False,
                                                                                  'type': 'boolean'},
                                                                    'chat': {'default': False,
                                                                             'type': 'boolean'},
                                                                    'cod': {'default': False,
                                                                            'type': 'boolean'},
                                                                    'consultant': {'default': True,
                                                                                   'type': 'boolean'},
                                                                    'dot-ir': {'default': False,
                                                                               'type': 'boolean'},
                                                                    'hamshahri': {'default': False,
                                                                                  'type': 'boolean'},
                                                                    'hidePrice': {'default': True,
                                                                                  'type': 'boolean'},
                                                                    'leads': {'default': False,
                                                                              'type': 'boolean'},
                                                                    'leads-views': {'default': False,
                                                                                    'type': 'boolean'},
                                                                    'leasing': {'default': False,
                                                                                'type': 'boolean'},
                                                                    'newChat': {'default': True,
                                                                                'type': 'boolean'},
                                                                    'notifications': {'default': False,
                                                                                      'type': 'boolean'},
                                                                    'outOfIran': {'default': False,
                                                                                  'type': 'boolean'},
                                                                    'package-more-view': {'default': False,
                                                                                          'type': 'boolean'},
                                                                    'paid-features': {'default': True,
                                                                                      'type': 'boolean'},
                                                                    'paid-features-bumps': {'default': True,
                                                                                            'type': 'boolean'},
                                                                    'paid-tag': {'default': True,
                                                                                 'type': 'boolean'},
                                                                    'performance-log': {'default': True,
                                                                                        'type': 'boolean'},
                                                                    'post-moderation': {'default': False,
                                                                                        'type': 'boolean'},
                                                                    'priceTag': {'default': False,
                                                                                 'type': 'boolean'},
                                                                    'priceTagBI': {'default': False,
                                                                                   'type': 'boolean'},
                                                                    'real-estate-hide-price': {'default': True,
                                                                                               'type': 'boolean'},
                                                                    'real-estate-hide-price-rent': {'default': True,
                                                                                                    'type': 'boolean'},
                                                                    'real-estate-show-price-range': {'default': False,
                                                                                                     'type': 'boolean'},
                                                                    'resume-bank': {'default': False,
                                                                                    'type': 'boolean'},
                                                                    'savedSearch': {'default': True,
                                                                                    'type': 'boolean'},
                                                                    'secure-purchase': {'default': True,
                                                                                        'type': 'boolean'},
                                                                    'secure-purchase-delivery': {'default': True,
                                                                                                 'type': 'boolean'},
                                                                    'shop-in-serp': {'default': True,
                                                                                     'type': 'boolean'},
                                                                    'shop-secure-purchase-in-post-listing': {'default': False,
                                                                                                             'type': 'boolean'},
                                                                    'thirdPartyInsurance': {'default': False,
                                                                                            'type': 'boolean'},
                                                                    'user-rating': {'default': False,
                                                                                    'type': 'boolean'},
                                                                    'user-secure-purchase-in-post-listing': {'default': False,
                                                                                                             'type': 'boolean'},
                                                                    'video': {'default': True,
                                                                              'type': 'boolean'},
                                                                    'views': {'default': True,
                                                                              'type': 'boolean'},
                                                                    'visibility': {'default': False,
                                                                                   'type': 'boolean'},
                                                                    'weblink': {'default': True,
                                                                                'type': 'boolean'}},
                                                     'required': ['advertisement',
                                                                  'all-iran-feature',
                                                                  'bump',
                                                                  'car-hide-price',
                                                                  'car-show-price-range',
                                                                  'carBodyInsurance',
                                                                  'carCertification',
                                                                  'carCertificationBuyer',
                                                                  'carCertificationUi',
                                                                  'carSearch',
                                                                  'chat',
                                                                  'cod',
                                                                  'consultant',
                                                                  'dot-ir',
                                                                  'hamshahri',
                                                                  'hidePrice',
                                                                  'leads',
                                                                  'leads-views',
                                                                  'leasing',
                                                                  'newChat',
                                                                  'notifications',
                                                                  'outOfIran',
                                                                  'package-more-view',
                                                                  'paid-features',
                                                                  'paid-features-bumps',
                                                                  'paid-tag',
                                                                  'performance-log',
                                                                  'post-moderation',
                                                                  'priceTag',
                                                                  'priceTagBI',
                                                                  'real-estate-hide-price',
                                                                  'real-estate-hide-price-rent',
                                                                  'real-estate-show-price-range',
                                                                  'resume-bank',
                                                                  'savedSearch',
                                                                  'secure-purchase',
                                                                  'secure-purchase-delivery',
                                                                  'shop-in-serp',
                                                                  'shop-secure-purchase-in-post-listing',
                                                                  'thirdPartyInsurance',
                                                                  'user-rating',
                                                                  'user-secure-purchase-in-post-listing',
                                                                  'video',
                                                                  'views',
                                                                  'visibility',
                                                                  'weblink'],
                                                     'type': 'object'},
                                        'listing': {'properties': {'filter': {'properties': {'withImage': {'default': True,
                                                                                                           'type': 'boolean'},
                                                                                             'withImageException': {'default': [43633,
                                                                                                                                43632,
                                                                                                                                44100,
                                                                                                                                44116,
                                                                                                                                44101,
                                                                                                                                44102,
                                                                                                                                44103,
                                                                                                                                44104,
                                                                                                                                44105,
                                                                                                                                44106,
                                                                                                                                44107,
                                                                                                                                44108,
                                                                                                                                43631,
                                                                                                                                43637,
                                                                                                                                43634,
                                                                                                                                43635,
                                                                                                                                43618],
                                                                                                                    'items': {'type': 'integer'},
                                                                                                                    'type': 'array'}},
                                                                              'required': ['withImage',
                                                                                           'withImageException'],
                                                                              'type': 'object'},
                                                                   'new': {'properties': {'maxPrice': {'default': 1000000000000,
                                                                                                       'type': 'integer'}},
                                                                           'required': ['maxPrice'],
                                                                           'type': 'object'}},
                                                    'required': ['filter',
                                                                 'new'],
                                                    'type': 'object'},
                                        'notifications': {'default': [],
                                                          'type': 'array'},
                                        'priceControl': {'default': [],
                                                         'type': 'array'}},
                         'required': ['contact',
                                      'features',
                                      'listing',
                                      'notifications',
                                      'priceControl'],
                         'type': 'object'}},
 'type': 'object'}</msg>
<status status="PASS" starttime="20210116 12:59:27.491" endtime="20210116 12:59:27.508"></status>
</kw>
<kw name="Send Get Request">
<msg timestamp="20210116 12:59:27.509" level="TRACE">Arguments: [  ]</msg>
<kw name="Get" library="REST">
<tags>
<tag>http</tag>
</tags>
<doc>*Sends a GET request to the endpoint.*</doc>
<arguments>
<arg>${version}${EndPoint}</arg>
</arguments>
<msg timestamp="20210116 12:59:27.509" level="TRACE">Arguments: [ 'v5.9.0/general/config' ]</msg>
<msg timestamp="20210116 12:59:27.511" level="DEBUG">Starting new HTTPS connection (1): www.sheypoor.com:443</msg>
<msg timestamp="20210116 12:59:27.643" level="DEBUG">https://www.sheypoor.com:443 "GET /api/v5.9.0/general/config HTTP/1.1" 200 572</msg>
<msg timestamp="20210116 12:59:27.669" level="TRACE">Return: {'body': {'contact': {'email': 'info@sheypoor.com',
                      'internationalTel': '+982154587',
                      'tel': '02154587'},
          'features': {'advertisement': False,
                       'all-iran-feature': True,
                       'bump': True,
                       'car-hide-price': False,
                       'car-show-price-range': False,
                       'carBodyInsurance': False,
                       'carCertification': False,
                       'carCertificationBuyer': False,
                       'carCertificationUi': True,
                       'carSearch': False,
                       'chat': False,
                       'cod': True,
                       'consultant': True,
                       'dot-ir': False,
                       'hamshahri': False,
                       'hidePrice': True,
                       'leads': False,
                       'leads-views': False,
                       'leasing': False,
                       'newChat': True,
                       'notifications': False,
                       'outOfIran': False,
                       'package-more-view': False,
                       'paid-features': True,
                       'paid-features-bumps': True,
                       'paid-tag': True,
                       'performance-log': True,
                       'post-moderation': False,
                       'priceTag': False,
                       'priceTagBI': False,
                       'real-estate-hide-price': True,
                       'real-estate-hide-price-rent': True,
                       'real-estate-show-price-range': False,
                       'resume-bank': False,
                       'savedSearch': True,
                       'secure-purchase': True,
                       'secure-purchase-delivery': True,
                       'shop-in-serp': True,
                       'shop-secure-purchase-in-post-listing': False,
                       'thirdPartyInsurance': False,
                       'user-rating': False,
                       'user-secure-purchase-in-post-listing': False,
                       'video': True,
                       'views': True,
                       'visibility': False,
[...]
                                                                                         'type': 'boolean'},
                                                                    'carCertificationBuyer': {'default': False,
                                                                                              'type': 'boolean'},
                                                                    'carCertificationUi': {'default': True,
                                                                                           'type': 'boolean'},
                                                                    'carSearch': {'default': False,
                                                                                  'type': 'boolean'},
                                                                    'chat': {'default': False,
                                                                             'type': 'boolean'},
                                                                    'cod': {'default': False,
                                                                            'type': 'boolean'},
                                                                    'consultant': {'default': True,
                                                                                   'type': 'boolean'},
                                                                    'dot-ir': {'default': False,
                                                                               'type': 'boolean'},
                                                                    'hamshahri': {'default': False,
                                                                                  'type': 'boolean'},
                                                                    'hidePrice': {'default': True,
                                                                                  'type': 'boolean'},
                                                                    'leads': {'default': False,
                                                                              'type': 'boolean'},
                                                                    'leads-views': {'default': False,
                                                                                    'type': 'boolean'},
                                                                    'leasing': {'default': False,
                                                                                'type': 'boolean'},
                                                                    'newChat': {'default': True,
                                                                                'type': 'boolean'},
                                                                    'notifications': {'default': False,
                                                                                      'type': 'boolean'},
                                                                    'outOfIran': {'default': False,
                                                                                  'type': 'boolean'},
                                                                    'package-more-view': {'default': False,
                                                                                          'type': 'boolean'},
                                                                    'paid-features': {'default': True,
                                                                                      'type': 'boolean'},
                                                                    'paid-features-bumps': {'default': True,
                                                                                            'type': 'boolean'},
                                                                    'paid-tag': {'default': True,
                                                                                 'type': 'boolean'},
                                                                    'performance-log': {'default': True,
                                                                                        'type': 'boolean'},
                                                                    'post-moderation': {'default': False,
                                                                                        'type': 'boolean'},
                                                                    'priceTag': {'default': False,
                                                                                 'type': 'boolean'},
                                                                    'priceTagBI': {'default': False,
                                                                                   'type': 'boolean'},
                                                                    'real-estate-hide-price': {'default': True,
                                                                                               'type': 'boolean'},
                                                                    'real-estate-hide-price-rent': {'default': True,
                                                                                                    'type': 'boolean'},
                                                                    'real-estate-show-price-range': {'default': False,
                                                                                                     'type': 'boolean'},
                                                                    'resume-bank': {'default': False,
                                                                                    'type': 'boolean'},
                                                                    'savedSearch': {'default': True,
                                                                                    'type': 'boolean'},
                                                                    'secure-purchase': {'default': True,
                                                                                        'type': 'boolean'},
                                                                    'secure-purchase-delivery': {'default': True,
                                                                                                 'type': 'boolean'},
                                                                    'shop-in-serp': {'default': True,
                                                                                     'type': 'boolean'},
                                                                    'shop-secure-purchase-in-post-listing': {'default': False,
                                                                                                             'type': 'boolean'},
                                                                    'thirdPartyInsurance': {'default': False,
                                                                                            'type': 'boolean'},
                                                                    'user-rating': {'default': False,
                                                                                    'type': 'boolean'},
                                                                    'user-secure-purchase-in-post-listing': {'default': False,
                                                                                                             'type': 'boolean'},
                                                                    'video': {'default': True,
                                                                              'type': 'boolean'},
                                                                    'views': {'default': True,
                                                                              'type': 'boolean'},
                                                                    'visibility': {'default': False,
                                                                                   'type': 'boolean'},
                                                                    'weblink': {'default': True,
                                                                                'type': 'boolean'}},
                                                     'required': ['advertisement',
                                                                  'all-iran-feature',
                                                                  'bump',
                                                                  'car-hide-price',
                                                                  'car-show-price-range',
                                                                  'carBodyInsurance',
                                                                  'carCertification',
                                                                  'carCertificationBuyer',
                                                                  'carCertificationUi',
                                                                  'carSearch',
                                                                  'chat',
                                                                  'cod',
                                                                  'consultant',
                                                                  'dot-ir',
                                                                  'hamshahri',
                                                                  'hidePrice',
                                                                  'leads',
                                                                  'leads-views',
                                                                  'leasing',
                                                                  'newChat',
                                                                  'notifications',
                                                                  'outOfIran',
                                                                  'package-more-view',
                                                                  'paid-features',
                                                                  'paid-features-bumps',
                                                                  'paid-tag',
                                                                  'performance-log',
                                                                  'post-moderation',
                                                                  'priceTag',
                                                                  'priceTagBI',
                                                                  'real-estate-hide-price',
                                                                  'real-estate-hide-price-rent',
                                                                  'real-estate-show-price-range',
                                                                  'resume-bank',
                                                                  'savedSearch',
                                                                  'secure-purchase',
                                                                  'secure-purchase-delivery',
                                                                  'shop-in-serp',
                                                                  'shop-secure-purchase-in-post-listing',
                                                                  'thirdPartyInsurance',
                                                                  'user-rating',
                                                                  'user-secure-purchase-in-post-listing',
                                                                  'video',
                                                                  'views',
                                                                  'visibility',
                                                                  'weblink'],
                                                     'type': 'object'},
                                        'listing': {'properties': {'filter': {'properties': {'withImage': {'default': True,
                                                                                                           'type': 'boolean'},
                                                                                             'withImageException': {'default': [43633,
                                                                                                                                43632,
                                                                                                                                44100,
                                                                                                                                44116,
                                                                                                                                44101,
                                                                                                                                44102,
                                                                                                                                44103,
                                                                                                                                44104,
                                                                                                                                44105,
                                                                                                                                44106,
                                                                                                                                44107,
                                                                                                                                44108,
                                                                                                                                43631,
                                                                                                                                43637,
                                                                                                                                43634,
                                                                                                                                43635,
                                                                                                                                43618],
                                                                                                                    'items': {'type': 'integer'},
                                                                                                                    'type': 'array'}},
                                                                              'required': ['withImage',
                                                                                           'withImageException'],
                                                                              'type': 'object'},
                                                                   'new': {'properties': {'maxPrice': {'default': 1000000000000,
                                                                                                       'type': 'integer'}},
                                                                           'required': ['maxPrice'],
                                                                           'type': 'object'}},
                                                    'required': ['filter',
                                                                 'new'],
                                                    'type': 'object'},
                                        'notifications': {'default': [],
                                                          'type': 'array'},
                                        'priceControl': {'default': [],
                                                         'type': 'array'}},
                         'required': ['contact',
                                      'features',
                                      'listing',
                                      'notifications',
                                      'priceControl'],
                         'type': 'object'}},
 'type': 'object'}</msg>
<status status="PASS" starttime="20210116 12:59:29.114" endtime="20210116 12:59:29.134"></status>
</kw>
<msg timestamp="20210116 12:59:29.134" level="TRACE">Return: True</msg>
<msg timestamp="20210116 12:59:29.135" level="INFO">${Result} = True</msg>
<status status="PASS" starttime="20210116 12:59:29.113" endtime="20210116 12:59:29.135"></status>
</kw>
<kw name="Run Keyword If" library="BuiltIn">
<doc>Runs the given keyword with the given arguments, if ``condition`` is true.</doc>
<arguments>
<arg>${Result}==True</arg>
<arg>Log To Console</arg>
<arg>\n${Platform}${SPACE}${version}${SPACE}${SPACE}${SPACE}${SPACE}${SPACE}"True"</arg>
<arg>ELSE</arg>
<arg>Log To Console</arg>
<arg>\n${Platform}${SPACE}${version}${SPACE}${SPACE}${SPACE}${SPACE}${SPACE}"False"</arg>
</arguments>
<msg timestamp="20210116 12:59:29.135" level="TRACE">Arguments: [ 'True==True' | 'Log To Console' | '\\n${Platform}${SPACE}${version}${SPACE}${SPACE}${SPACE}${SPACE}${SPACE}"True"' | 'ELSE' | 'Log To Console' | '\\n${Platform}${SPACE}${version}${SPACE}${SPACE}${SPACE}${SPACE}${SPACE}"False"' ]</msg>
<kw name="Log To Console" library="BuiltIn">
<doc>Logs the given message to the console.</doc>
<arguments>
<arg>\n${Platform}${SPACE}${version}${SPACE}${SPACE}${SPACE}${SPACE}${SPACE}"True"</arg>
</arguments>
<msg timestamp="20210116 12:59:29.136" level="TRACE">Arguments: [ '\nMobile_Site v3.1.5     "True"' ]</msg>
<msg timestamp="20210116 12:59:29.136" level="TRACE">Return: None</msg>
<status status="PASS" starttime="20210116 12:59:29.135" endtime="20210116 12:59:29.136"></status>
</kw>
<msg timestamp="20210116 12:59:29.136" level="TRACE">Return: None</msg>
<status status="PASS" starttime="20210116 12:59:29.135" endtime="20210116 12:59:29.136"></status>
</kw>
<msg timestamp="20210116 12:59:29.136" level="TRACE">Return: None</msg>
<status status="PASS" starttime="20210116 12:59:28.944" endtime="20210116 12:59:29.136"></status>
</kw>
<kw name="Continue For Loop" library="BuiltIn">
<doc>Skips the current for loop iteration and continues from the next.</doc>
<msg timestamp="20210116 12:59:29.137" level="TRACE">Arguments: [  ]</msg>
<msg timestamp="20210116 12:59:29.137" level="INFO">Continuing for loop from the next iteration.</msg>
<status status="PASS" starttime="20210116 12:59:29.136" endtime="20210116 12:59:29.137"></status>
</kw>
<status status="PASS" starttime="20210116 12:59:28.519" endtime="20210116 12:59:29.137"></status>
</kw>
<status status="PASS" starttime="20210116 12:59:26.900" endtime="20210116 12:59:29.137"></status>
</kw>
<msg timestamp="20210116 12:59:29.137" level="TRACE">Return: None</msg>
<status status="PASS" starttime="20210116 12:59:26.892" endtime="20210116 12:59:29.137"></status>
</kw>
<status status="PASS" starttime="20210116 12:59:26.890" endtime="20210116 12:59:29.138" critical="yes"></status>
</test>
<doc>A test suite with a single test for testing Config API.</doc>
<status status="PASS" starttime="20210116 12:59:26.027" endtime="20210116 12:59:29.150"></status>
</suite>
<statistics>
<total>
<stat pass="1" fail="0">Critical Tests</stat>
<stat pass="1" fail="0">All Tests</stat>
</total>
<tag>
</tag>
<suite>
<stat pass="1" fail="0" id="s1" name="Config">Config</stat>
</suite>
</statistics>
<errors>
</errors>
</robot>
