<?xml version="1.0" encoding="UTF-8"?>
<robot generator="Robot 3.2.2 (Python 3.6.8 on win32)" generated="20210120 15:42:36.279" rpa="false">
<suite id="s1" name="Config2" source="D:\Robot Framework\APITest\TesCases\Config2.robot">
<test id="s1-t1" name="Test Different Versions of the CONFIG_API on all Platforms">
<kw name="Set Log Level" library="BuiltIn" type="setup">
<doc>Sets the log threshold to the specified level and returns the old level.</doc>
<arguments>
<arg>TRACE</arg>
</arguments>
<msg timestamp="20210120 15:42:37.102" level="INFO">Log level changed from INFO to TRACE.</msg>
<msg timestamp="20210120 15:42:37.102" level="TRACE">Return: 'INFO'</msg>
<status status="PASS" starttime="20210120 15:42:37.102" endtime="20210120 15:42:37.102"></status>
</kw>
<kw name="Set Headers, Send Request And Validate Response">
<msg timestamp="20210120 15:42:37.103" level="TRACE">Arguments: [  ]</msg>
<kw name="Run Keyword If" library="BuiltIn">
<doc>Runs the given keyword with the given arguments, if ``condition`` is true.</doc>
<arguments>
<arg>'${platform}' == 'Android'</arg>
<arg>set headers</arg>
<arg>{"X-AGENT-TYPE" : "Android App" , "App-Version" : "5.9.0" , "User-Agent" : "Android/4.4.2 Sheypoor/4.1.5 VersionCode/4010400 Manufacturer/HUAWEI Model/HUAWEI Y625-U32"}</arg>
</arguments>
<msg timestamp="20210120 15:42:37.103" level="TRACE">Arguments: [ "'Mobile_Site' == 'Android'" | 'set headers' | '{"X-AGENT-TYPE" : "Android App" , "App-Version" : "5.9.0" , "User-Agent" : "Android/4.4.2 Sheypoor/4.1.5 VersionCode/4010400 Manufacturer/HUAWEI Model/HUAWEI Y625-U32"}' ]</msg>
<msg timestamp="20210120 15:42:37.103" level="TRACE">Return: None</msg>
<status status="PASS" starttime="20210120 15:42:37.103" endtime="20210120 15:42:37.103"></status>
</kw>
<kw name="Run Keyword If" library="BuiltIn">
<doc>Runs the given keyword with the given arguments, if ``condition`` is true.</doc>
<arguments>
<arg>'${platform}' == 'Desktop_Web'</arg>
<arg>set headers</arg>
<arg>{"User-Agent" : "Mozilla/5.0 (Windows NT 10.0; Win64; x64) AppleWebKit/537.36 (KHTML, like Gecko) Chrome/74.0.3729.131 Safari/537.36"}</arg>
</arguments>
<msg timestamp="20210120 15:42:37.104" level="TRACE">Arguments: [ "'Mobile_Site' == 'Desktop_Web'" | 'set headers' | '{"User-Agent" : "Mozilla/5.0 (Windows NT 10.0; Win64; x64) AppleWebKit/537.36 (KHTML, like Gecko) Chrome/74.0.3729.131 Safari/537.36"}' ]</msg>
<msg timestamp="20210120 15:42:37.104" level="TRACE">Return: None</msg>
<status status="PASS" starttime="20210120 15:42:37.104" endtime="20210120 15:42:37.104"></status>
</kw>
<kw name="Run Keyword If" library="BuiltIn">
<doc>Runs the given keyword with the given arguments, if ``condition`` is true.</doc>
<arguments>
<arg>'${platform}' == 'Mobile_Site'</arg>
<arg>set headers</arg>
<arg>{"User-Agent" : "Mozilla/5.0 (Linux; U; Android 8.1; en-us; SCH-I535 Build/KOT49H) AppleWebKit/534.30 (KHTML, like Gecko) Version/4.0 Mobile Safari/534.30"}</arg>
</arguments>
<msg timestamp="20210120 15:42:37.104" level="TRACE">Arguments: [ "'Mobile_Site' == 'Mobile_Site'" | 'set headers' | '{"User-Agent" : "Mozilla/5.0 (Linux; U; Android 8.1; en-us; SCH-I535 Build/KOT49H) AppleWebKit/534.30 (KHTML, like Gecko) Version/4.0 Mobile Safari/534.30"}' ]</msg>
<kw name="Set Headers" library="REST">
<tags>
<tag>settings</tag>
</tags>
<doc>*Sets new request headers or updates the existing.*</doc>
<arguments>
<arg>{"User-Agent" : "Mozilla/5.0 (Linux; U; Android 8.1; en-us; SCH-I535 Build/KOT49H) AppleWebKit/534.30 (KHTML, like Gecko) Version/4.0 Mobile Safari/534.30"}</arg>
</arguments>
<msg timestamp="20210120 15:42:37.105" level="TRACE">Arguments: [ '{"User-Agent" : "Mozilla/5.0 (Linux; U; Android 8.1; en-us; SCH-I535 Build/KOT49H) AppleWebKit/534.30 (KHTML, like Gecko) Version/4.0 Mobile Safari/534.30"}' ]</msg>
<msg timestamp="20210120 15:42:37.106" level="TRACE">Return: {'Accept': 'application/json, */*',
 'Content-Type': 'application/json',
 'User-Agent': 'Mozilla/5.0 (Linux; U; Android 8.1; en-us; SCH-I535 Build/KOT49H) AppleWebKit/534.30 (KHTML, like Gecko) Version/4.0 Mobile Safari/534.30'}</msg>
<status status="PASS" starttime="20210120 15:42:37.105" endtime="20210120 15:42:37.106"></status>
</kw>
<msg timestamp="20210120 15:42:37.106" level="TRACE">Return: {'Accept': 'application/json, */*',
 'Content-Type': 'application/json',
 'User-Agent': 'Mozilla/5.0 (Linux; U; Android 8.1; en-us; SCH-I535 Build/KOT49H) AppleWebKit/534.30 (KHTML, like Gecko) Version/4.0 Mobile Safari/534.30'}</msg>
<status status="PASS" starttime="20210120 15:42:37.104" endtime="20210120 15:42:37.106"></status>
</kw>
<kw name="Send Request And Validate Response">
<msg timestamp="20210120 15:42:37.106" level="TRACE">Arguments: [  ]</msg>
<kw name="Expect Response" library="REST">
<tags>
<tag>expectations</tag>
</tags>
<doc>*Sets the schema to validate the response properties.*</doc>
<arguments>
<arg>${Response_Path}/${Response_File}_${version}_${Platform}.json</arg>
</arguments>
<msg timestamp="20210120 15:42:37.107" level="TRACE">Arguments: [ '../Outputs/ExpectedResponse_v5.9.0_Mobile_Site.json' ]</msg>
<msg timestamp="20210120 15:42:37.108" level="TRACE">Return: {'properties': {'body': {'properties': {'contact': {'properties': {'email': {'default': 'info@sheypoor.com',
                                                                             'type': 'string'},
                                                                   'internationalTel': {'default': '+982154587',
                                                                                        'type': 'string'},
                                                                   'tel': {'default': '02154587',
                                                                           'type': 'string'}},
                                                    'required': ['email',
                                                                 'internationalTel',
                                                                 'tel'],
                                                    'type': 'object'},
                                        'features': {'properties': {'advertisement': {'default': False,
                                                                                      'type': 'boolean'},
                                                                    'all-iran-feature': {'default': True,
                                                                                         'type': 'boolean'},
                                                                    'bump': {'default': True,
                                                                             'type': 'boolean'},
                                                                    'car-hide-price': {'default': False,
                                                                                       'type': 'boolean'},
                                                                    'car-show-price-range': {'default': False,
                                                                                             'type': 'boolean'},
                                                                    'carBodyInsurance': {'default': True,
                                                                                         'type': 'boolean'},
                                                                    'carCertification': {'default': False,
                                                                                         'type': 'boolean'},
                                                                    'carCertificationBuyer': {'default': False,
                                                                                              'type': 'boolean'},
                                                                    'carCertificationUi': {'default': False,
                                                                                           'type': 'boolean'},
                                                                    'carSearch': {'default': False,
                                                                                  'type': 'boolean'},
                                                                    'chat': {'default': False,
                                                                             'type': 'boolean'},
                                                                    'cod': {'default': False,
                                                                            'type': 'boolean'},
                                                                    'consultant': {'default': True,
                                                                                   'type': 'boolean'},
                                                                    'dot-ir': {'default': False,
                                                                               'type': 'boolean'},
                                                                    'hamshahri': {'default': False,
                                                                                  'type': 'boolean'},
                                                                    'hidePrice': {'default': True,
                                                                                  'type': 'boolean'},
                                                                    'leads': {'default': False,
                                                                              'type': 'boolean'},
                                                                    'leads-views': {'default': False,
                                                                                    'type': 'boolean'},
                                                                    'leasing': {'default': False,
                                                                                'type': 'boolean'},
                                                                    'newChat': {'default': True,
                                                                                'type': 'boolean'},
                                                                    'notifications': {'default': False,
                                                                                      'type': 'boolean'},
                                                                    'outOfIran': {'default': False,
                                                                                  'type': 'boolean'},
                                                                    'package-more-view': {'default': False,
                                                                                          'type': 'boolean'},
                                                                    'paid-features': {'default': True,
                                                                                      'type': 'boolean'},
                                                                    'paid-features-bumps': {'default': True,
                                                                                            'type': 'boolean'},
                                                                    'paid-tag': {'default': True,
                                                                                 'type': 'boolean'},
                                                                    'performance-log': {'default': True,
                                                                                        'type': 'boolean'},
                                                                    'post-moderation': {'default': False,
                                                                                        'type': 'boolean'},
                                                                    'priceTag': {'default': False,
                                                                                 'type': 'boolean'},
                                                                    'real-estate-hide-price': {'default': True,
                                                                                               'type': 'boolean'},
                                                                    'real-estate-hide-price-rent': {'default': True,
                                                                                                    'type': 'boolean'},
                                                                    'real-estate-show-price-range': {'default': False,
                                                                                                     'type': 'boolean'},
                                                                    'resume-bank': {'default': False,
                                                                                    'type': 'boolean'},
                                                                    'savedSearch': {'default': True,
                                                                                    'type': 'boolean'},
                                                                    'secure-purchase': {'default': True,
                                                                                        'type': 'boolean'},
                                                                    'secure-purchase-delivery': {'default': True,
                                                                                                 'type': 'boolean'},
                                                                    'shop-in-serp': {'default': True,
                                                                                     'type': 'boolean'},
                                                                    'shop-secure-purchase-in-post-listing': {'default': False,
                                                                                                             'type': 'boolean'},
                                                                    'thirdPartyInsurance': {'default': True,
                                                                                            'type': 'boolean'},
                                                                    'user-rating': {'default': False,
                                                                                    'type': 'boolean'},
                                                                    'user-secure-purchase-in-post-listing': {'default': False,
                                                                                                             'type': 'boolean'},
                                                                    'video': {'default': True,
                                                                              'type': 'boolean'},
                                                                    'views': {'default': True,
                                                                              'type': 'boolean'},
                                                                    'visibility': {'default': False,
                                                                                   'type': 'boolean'},
                                                                    'weblink': {'default': True,
                                                                                'type': 'boolean'}},
                                                     'required': ['advertisement',
                                                                  'all-iran-feature',
                                                                  'bump',
                                                                  'car-hide-price',
                                                                  'car-show-price-range',
                                                                  'carBodyInsurance',
                                                                  'carCertification',
                                                                  'carCertificationBuyer',
                                                                  'carCertificationUi',
                                                                  'carSearch',
                                                                  'chat',
                                                                  'cod',
                                                                  'consultant',
                                                                  'dot-ir',
                                                                  'hamshahri',
                                                                  'hidePrice',
                                                                  'leads',
                                                                  'leads-views',
                                                                  'leasing',
                                                                  'newChat',
                                                                  'notifications',
                                                                  'outOfIran',
                                                                  'package-more-view',
                                                                  'paid-features',
                                                                  'paid-features-bumps',
                                                                  'paid-tag',
                                                                  'performance-log',
                                                                  'post-moderation',
                                                                  'priceTag',
                                                                  'real-estate-hide-price',
                                                                  'real-estate-hide-price-rent',
                                                                  'real-estate-show-price-range',
                                                                  'resume-bank',
                                                                  'savedSearch',
                                                                  'secure-purchase',
                                                                  'secure-purchase-delivery',
                                                                  'shop-in-serp',
                                                                  'shop-secure-purchase-in-post-listing',
                                                                  'thirdPartyInsurance',
                                                                  'user-rating',
                                                                  'user-secure-purchase-in-post-listing',
                                                                  'video',
                                                                  'views',
                                                                  'visibility',
                                                                  'weblink'],
                                                     'type': 'object'},
                                        'listing': {'properties': {'filter': {'properties': {'withImage': {'default': True,
                                                                                                           'type': 'boolean'},
                                                                                             'withImageException': {'default': [43633,
                                                                                                                                43632,
                                                                                                                                44100,
                                                                                                                                44116,
                                                                                                                                44101,
                                                                                                                                44102,
                                                                                                                                44103,
                                                                                                                                44104,
                                                                                                                                44105,
                                                                                                                                44106,
                                                                                                                                44107,
                                                                                                                                44108,
                                                                                                                                43631,
                                                                                                                                43637,
                                                                                                                                43634,
                                                                                                                                43635,
                                                                                                                                43618],
                                                                                                                    'items': {'type': 'integer'},
                                                                                                                    'type': 'array'}},
                                                                              'required': ['withImage',
                                                                                           'withImageException'],
                                                                              'type': 'object'},
                                                                   'new': {'properties': {'maxPrice': {'default': 1000000000000,
                                                                                                       'type': 'integer'}},
                                                                           'required': ['maxPrice'],
                                                                           'type': 'object'}},
                                                    'required': ['filter',
                                                                 'new'],
                                                    'type': 'object'},
                                        'loginSettings': {'properties': {'verificationCodeDelay': {'default': 30,
                                                                                                   'type': 'integer'}},
                                                          'required': ['verificationCodeDelay'],
                                                          'type': 'object'},
                                        'notifications': {'default': [],
                                                          'type': 'array'},
                                        'priceControl': {'default': [],
                                                         'type': 'array'}},
                         'required': ['contact',
                                      'features',
                                      'listing',
                                      'loginSettings',
                                      'notifications',
                                      'priceControl'],
                         'type': 'object'}},
 'type': 'object'}</msg>
<status status="PASS" starttime="20210120 15:42:37.107" endtime="20210120 15:42:37.119"></status>
</kw>
<kw name="Get" library="REST">
<tags>
<tag>http</tag>
</tags>
<doc>*Sends a GET request to the endpoint.*</doc>
<arguments>
<arg>${version}${EndPoint}</arg>
</arguments>
<msg timestamp="20210120 15:42:37.119" level="TRACE">Arguments: [ 'v5.9.0/general/config' ]</msg>
<msg timestamp="20210120 15:42:37.124" level="DEBUG">Starting new HTTPS connection (1): www.sheypoor.com:443</msg>
<msg timestamp="20210120 15:42:40.857" level="DEBUG">https://www.sheypoor.com:443 "GET /api/v5.9.0/general/config HTTP/1.1" 200 588</msg>
<msg timestamp="20210120 15:42:40.957" level="TRACE">Return: {'body': {'contact': {'email': 'info@sheypoor.com',
                      'internationalTel': '+982154587',
                      'tel': '02154587'},
          'features': {'advertisement': False,
                       'all-iran-feature': True,
                       'bump': True,
                       'car-hide-price': False,
                       'car-show-price-range': False,
                       'carBodyInsurance': True,
                       'carCertification': False,
                       'carCertificationBuyer': False,
                       'carCertificationUi': False,
                       'carSearch': False,
                       'chat': False,
                       'cod': False,
                       'consultant': True,
                       'dot-ir': False,
                       'hamshahri': False,
                       'hidePrice': True,
                       'leads': False,
                       'leads-views': False,
                       'leasing': False,
                       'newChat': True,
                       'notifications': False,
                       'outOfIran': False,
                       'package-more-view': False,
                       'paid-features': True,
                       'paid-features-bumps': True,
                       'paid-tag': True,
                       'performance-log': True,
                       'post-moderation': False,
                       'priceTag': False,
                       'real-estate-hide-price': True,
                       'real-estate-hide-price-rent': True,
                       'real-estate-show-price-range': False,
                       'resume-bank': False,
                       'savedSearch': True,
                       'secure-purchase': True,
                       'secure-purchase-delivery': True,
                       'shop-in-serp': True,
                       'shop-secure-purchase-in-post-listing': False,
                       'thirdPartyInsurance': True,
                       'user-rating': False,
                       'user-secure-purchase-in-post-listing': False,
                       'video': True,
                       'views': True,
                       'visibility': False,
                       'weblink': True},
          'listing': {'filter': {'withImage': True,
                                 'withImageException': [43633,
                                                        43632,
                                                        44100,
                                                        44116,
                                                        44101,
                                                        44102,
                                                        44103,
                                                        44104,
                                                        44105,
                                                        44106,
                                                        44107,
                                                        44108,
                                                        43631,
                                                        43637,
                                                        43634,
                                                        43635,
                                                        43618]},
                      'new': {'maxPrice': 1000000000000}},
          'loginSettings': {'verificationCodeDelay': 30},
          'notifications': [],
          'priceControl': []},
 'headers': {'Accept-Ranges': 'bytes',
             'Age': '0',
             'Cache-Control': 'public, max-age=60',
             'Connection': 'keep-alive',
             'Content-Encoding': 'gzip',
             'Content-Length': '588',
             'Content-Type': 'application/json; charset=UTF-8',
             'Date': 'Wed, 20 Jan 2021 12:12:38 GMT',
             'Expires': 'Wed, 20 Jan 2021 12:13:38 GMT',
             'Last-Modified': 'Wed, 20 Jan 2021 12:12:38 GMT',
             'Server': 'nginx/1.16.1',
             'Strict-Transport-Security': 'max-age=172800; includeSubDomains',
             'X-Cache': 'MISS'},
 'seconds': 0.734979,
 'status': 200}</msg>
<status status="PASS" starttime="20210120 15:42:37.119" endtime="20210120 15:42:40.959"></status>
</kw>
<msg timestamp="20210120 15:42:40.960" level="TRACE">Return: None</msg>
<status status="PASS" starttime="20210120 15:42:37.106" endtime="20210120 15:42:40.960"></status>
</kw>
<msg timestamp="20210120 15:42:40.960" level="TRACE">Return: None</msg>
<status status="PASS" starttime="20210120 15:42:37.103" endtime="20210120 15:42:40.960"></status>
</kw>
<status status="PASS" starttime="20210120 15:42:37.101" endtime="20210120 15:42:40.960" critical="yes"></status>
</test>
<doc>A test suite with a single test for testing Config API.</doc>
<status status="PASS" starttime="20210120 15:42:36.281" endtime="20210120 15:42:40.962"></status>
</suite>
<statistics>
<total>
<stat pass="1" fail="0">Critical Tests</stat>
<stat pass="1" fail="0">All Tests</stat>
</total>
<tag>
</tag>
<suite>
<stat pass="1" fail="0" id="s1" name="Config2">Config2</stat>
</suite>
</statistics>
<errors>
</errors>
</robot>
