<?xml version="1.0" encoding="UTF-8"?>
<robot generator="Robot 3.2.2 (Python 3.6.8 on win32)" generated="20210207 08:56:37.857" rpa="false">
<suite id="s1" name="InstallApp2" source="D:\Robot Framework\MobileTest\TesCases\InstallApp2.robot">
<test id="s1-t1" name="Install Sheypoor On The Mobile">
<kw name="Set Log Level" library="BuiltIn" type="setup">
<doc>Sets the log threshold to the specified level and returns the old level.</doc>
<arguments>
<arg>TRACE</arg>
</arguments>
<msg timestamp="20210207 08:56:38.238" level="INFO">Log level changed from INFO to TRACE.</msg>
<msg timestamp="20210207 08:56:38.238" level="TRACE">Return: 'INFO'</msg>
<status status="PASS" starttime="20210207 08:56:38.238" endtime="20210207 08:56:38.238"></status>
</kw>
<kw name="Install Application">
<msg timestamp="20210207 08:56:38.239" level="TRACE">Arguments: [  ]</msg>
<kw name="Open Application" library="AppiumLibrary">
<doc>Opens a new application to given Appium server.
Capabilities of appium server, Android and iOS,
Please check https://github.com/appium/appium/blob/master/docs/en/writing-running-appium/server-args.md
| *Option*            | *Man.* | *Description*     |
| remote_url          | Yes    | Appium server url |
| alias               | no     | alias             |</doc>
<arguments>
<arg>${REMOTE_URL}</arg>
<arg>app=${APK_PATH}\\${APK_NAME}</arg>
<arg>platformName=${PLATFORM_NAME}</arg>
<arg>platformVersion=${PLATFORM_VERSION}</arg>
<arg>deviceName=${DEVICE_NAME}</arg>
<arg>automationName=UiAutomator2</arg>
<arg>newCommandTimeout=2500</arg>
</arguments>
<msg timestamp="20210207 08:56:38.240" level="TRACE">Arguments: [ 'http://127.0.0.1:4723/wd/hub' | app='D:\\Robot Framework\\MobileTest\\TesCases\\..\\APK\\Sheypoor-PlayStoreDebug.apk' | platformName='Android' | platformVersion='8.1' | deviceName='emulator-5554' | automationName='UiAutomator2' | newCommandTimeout='2500' ]</msg>
<msg timestamp="20210207 08:56:38.246" level="DEBUG">POST http://127.0.0.1:4723/wd/hub/session {"capabilities": {"firstMatch": [{"appium:app": "D:\\Robot Framework\\MobileTest\\TesCases\\..\\APK\\Sheypoor-PlayStoreDebug.apk", "platformName": "Android", "appium:platformVersion": "8.1", "appium:deviceName": "emulator-5554", "appium:automationName": "UiAutomator2", "appium:newCommandTimeout": "2500"}]}, "desiredCapabilities": {"app": "D:\\Robot Framework\\MobileTest\\TesCases\\..\\APK\\Sheypoor-PlayStoreDebug.apk", "platformName": "Android", "platformVersion": "8.1", "deviceName": "emulator-5554", "automationName": "UiAutomator2", "newCommandTimeout": "2500"}}</msg>
<msg timestamp="20210207 08:56:38.247" level="DEBUG">Starting new HTTP connection (1): 127.0.0.1:4723</msg>
<msg timestamp="20210207 08:57:06.049" level="DEBUG">http://127.0.0.1:4723 "POST /wd/hub/session HTTP/1.1" 200 1052</msg>
<msg timestamp="20210207 08:57:06.051" level="DEBUG">Finished Request</msg>
<msg timestamp="20210207 08:57:06.058" level="DEBUG">Opened application with session id 03cb6a7a-8f9d-4457-85e9-12df9a5c1d45</msg>
<msg timestamp="20210207 08:57:06.058" level="TRACE">Return: 1</msg>
<status status="PASS" starttime="20210207 08:56:38.239" endtime="20210207 08:57:06.059"></status>
</kw>
<msg timestamp="20210207 08:57:06.059" level="TRACE">Return: None</msg>
<status status="PASS" starttime="20210207 08:56:38.239" endtime="20210207 08:57:06.059"></status>
</kw>
<kw name="Launch Application">
<msg timestamp="20210207 08:57:06.062" level="TRACE">Arguments: [  ]</msg>
<kw name="Click By Selector">
<arguments>
<arg>${Environment}</arg>
</arguments>
<msg timestamp="20210207 08:57:06.063" level="TRACE">Arguments: [ ${Selector}='android=UiSelector().resourceId("com.sheypoor.mobile.debug:id/fragmentDebugStaging").text("STAGING")' ]</msg>
<kw name="Wait Until Keyword Succeeds" library="BuiltIn">
<doc>Runs the specified keyword and retries if it fails.</doc>
<arguments>
<arg>3x</arg>
<arg>3s</arg>
<arg>Click Element</arg>
<arg>${Selector}</arg>
</arguments>
<msg timestamp="20210207 08:57:06.064" level="TRACE">Arguments: [ '3x' | '3s' | 'Click Element' | '${Selector}' ]</msg>
<kw name="Click Element" library="AppiumLibrary">
<doc>Click element identified by `locator`.</doc>
<arguments>
<arg>${Selector}</arg>
</arguments>
<msg timestamp="20210207 08:57:06.065" level="TRACE">Arguments: [ 'android=UiSelector().resourceId("com.sheypoor.mobile.debug:id/fragmentDebugStaging").text("STAGING")' ]</msg>
<msg timestamp="20210207 08:57:06.071" level="INFO">Clicking element 'android=UiSelector().resourceId("com.sheypoor.mobile.debug:id/fragmentDebugStaging").text("STAGING")'.</msg>
<msg timestamp="20210207 08:57:06.071" level="DEBUG">POST http://127.0.0.1:4723/wd/hub/session/03cb6a7a-8f9d-4457-85e9-12df9a5c1d45/elements {"using": "-android uiautomator", "value": "UiSelector().resourceId(\"com.sheypoor.mobile.debug:id/fragmentDebugStaging\").text(\"STAGING\")"}</msg>
<msg timestamp="20210207 08:57:06.943" level="DEBUG">http://127.0.0.1:4723 "POST /wd/hub/session/03cb6a7a-8f9d-4457-85e9-12df9a5c1d45/elements HTTP/1.1" 200 139</msg>
<msg timestamp="20210207 08:57:06.944" level="DEBUG">Finished Request</msg>
<msg timestamp="20210207 08:57:06.944" level="DEBUG">POST http://127.0.0.1:4723/wd/hub/session/03cb6a7a-8f9d-4457-85e9-12df9a5c1d45/element/d542ea9a-84d9-4b91-a4ba-143664741d91/click {"id": "d542ea9a-84d9-4b91-a4ba-143664741d91"}</msg>
<msg timestamp="20210207 08:57:07.337" level="DEBUG">http://127.0.0.1:4723 "POST /wd/hub/session/03cb6a7a-8f9d-4457-85e9-12df9a5c1d45/element/d542ea9a-84d9-4b91-a4ba-143664741d91/click HTTP/1.1" 200 14</msg>
<msg timestamp="20210207 08:57:07.338" level="DEBUG">Finished Request</msg>
<msg timestamp="20210207 08:57:07.338" level="TRACE">Return: None</msg>
<status status="PASS" starttime="20210207 08:57:06.064" endtime="20210207 08:57:07.339"></status>
</kw>
<msg timestamp="20210207 08:57:07.339" level="TRACE">Return: None</msg>
<status status="PASS" starttime="20210207 08:57:06.064" endtime="20210207 08:57:07.339"></status>
</kw>
<kw name="Sleep" library="BuiltIn">
<doc>Pauses the test executed for the given time.</doc>
<arguments>
<arg>300ms</arg>
</arguments>
<msg timestamp="20210207 08:57:07.339" level="TRACE">Arguments: [ '300ms' ]</msg>
<msg timestamp="20210207 08:57:07.655" level="INFO">Slept 300 milliseconds</msg>
<msg timestamp="20210207 08:57:07.655" level="TRACE">Return: None</msg>
<status status="PASS" starttime="20210207 08:57:07.339" endtime="20210207 08:57:07.655"></status>
</kw>
<msg timestamp="20210207 08:57:07.656" level="TRACE">Return: None</msg>
<status status="PASS" starttime="20210207 08:57:06.062" endtime="20210207 08:57:07.656"></status>
</kw>
<kw name="Click By Selector">
<arguments>
<arg>${Cancel}</arg>
</arguments>
<msg timestamp="20210207 08:57:07.657" level="TRACE">Arguments: [ ${Selector}='android=UiSelector().resourceId("android:id/button2").text("انصراف")' ]</msg>
<kw name="Wait Until Keyword Succeeds" library="BuiltIn">
<doc>Runs the specified keyword and retries if it fails.</doc>
<arguments>
<arg>3x</arg>
<arg>3s</arg>
<arg>Click Element</arg>
<arg>${Selector}</arg>
</arguments>
<msg timestamp="20210207 08:57:07.658" level="TRACE">Arguments: [ '3x' | '3s' | 'Click Element' | '${Selector}' ]</msg>
<kw name="Click Element" library="AppiumLibrary">
<doc>Click element identified by `locator`.</doc>
<arguments>
<arg>${Selector}</arg>
</arguments>
<msg timestamp="20210207 08:57:07.659" level="TRACE">Arguments: [ 'android=UiSelector().resourceId("android:id/button2").text("انصراف")' ]</msg>
<msg timestamp="20210207 08:57:07.666" level="INFO">Clicking element 'android=UiSelector().resourceId("android:id/button2").text("انصراف")'.</msg>
<msg timestamp="20210207 08:57:07.666" level="DEBUG">POST http://127.0.0.1:4723/wd/hub/session/03cb6a7a-8f9d-4457-85e9-12df9a5c1d45/elements {"using": "-android uiautomator", "value": "UiSelector().resourceId(\"android:id/button2\").text(\"\u0627\u0646\u0635\u0631\u0627\u0641\")"}</msg>
<msg timestamp="20210207 08:57:14.562" level="DEBUG">http://127.0.0.1:4723 "POST /wd/hub/session/03cb6a7a-8f9d-4457-85e9-12df9a5c1d45/elements HTTP/1.1" 200 12</msg>
<msg timestamp="20210207 08:57:14.563" level="DEBUG">Finished Request</msg>
<kw name="Capture Page Screenshot" library="AppiumLibrary">
<doc>Takes a screenshot of the current page and embeds it into the log.</doc>
<msg timestamp="20210207 08:57:14.564" level="TRACE">Arguments: [  ]</msg>
<msg timestamp="20210207 08:57:14.570" level="DEBUG">GET http://127.0.0.1:4723/wd/hub/session/03cb6a7a-8f9d-4457-85e9-12df9a5c1d45/screenshot {}</msg>
<msg timestamp="20210207 08:57:16.779" level="DEBUG">http://127.0.0.1:4723 "GET /wd/hub/session/03cb6a7a-8f9d-4457-85e9-12df9a5c1d45/screenshot HTTP/1.1" 200 93452</msg>
<msg timestamp="20210207 08:57:16.782" level="DEBUG">Finished Request</msg>
<msg timestamp="20210207 08:57:16.790" level="INFO" html="yes">&lt;/td&gt;&lt;/tr&gt;&lt;tr&gt;&lt;td colspan="3"&gt;&lt;a href="appium-screenshot-1.png"&gt;&lt;img src="appium-screenshot-1.png" width="800px"&gt;&lt;/a&gt;</msg>
<msg timestamp="20210207 08:57:16.791" level="TRACE">Return: 'D:\\Robot Framework\\MobileTest\\Results\\appium-screenshot-1.png'</msg>
<status status="PASS" starttime="20210207 08:57:14.564" endtime="20210207 08:57:16.791"></status>
</kw>
<msg timestamp="20210207 08:57:16.793" level="FAIL">ValueError: Element locator 'android=UiSelector().resourceId("android:id/button2").text("انصراف")' did not match any elements.</msg>
<msg timestamp="20210207 08:57:16.793" level="DEBUG">Traceback (most recent call last):
  File "&lt;decorator-gen-3&gt;", line 2, in click_element
  File "c:\users\forough\appdata\local\programs\python\python36\lib\site-packages\AppiumLibrary\keywords\keywordgroup.py", line 21, in _run_on_failure_decorator
    raise err
  File "c:\users\forough\appdata\local\programs\python\python36\lib\site-packages\AppiumLibrary\keywords\keywordgroup.py", line 16, in _run_on_failure_decorator
    return method(*args, **kwargs)
  File "c:\users\forough\appdata\local\programs\python\python36\lib\site-packages\AppiumLibrary\keywords\_element.py", line 42, in click_element
    self._element_find(locator, True, True).click()
  File "c:\users\forough\appdata\local\programs\python\python36\lib\site-packages\AppiumLibrary\keywords\_element.py", line 576, in _element_find
    raise ValueError("Element locator '" + locator + "' did not match any elements.")</msg>
<status status="FAIL" starttime="20210207 08:57:07.658" endtime="20210207 08:57:16.793"></status>
</kw>
<kw name="Click Element" library="AppiumLibrary">
<doc>Click element identified by `locator`.</doc>
<arguments>
<arg>${Selector}</arg>
</arguments>
<msg timestamp="20210207 08:57:19.803" level="TRACE">Arguments: [ 'android=UiSelector().resourceId("android:id/button2").text("انصراف")' ]</msg>
<msg timestamp="20210207 08:57:19.808" level="INFO">Clicking element 'android=UiSelector().resourceId("android:id/button2").text("انصراف")'.</msg>
<msg timestamp="20210207 08:57:19.809" level="DEBUG">POST http://127.0.0.1:4723/wd/hub/session/03cb6a7a-8f9d-4457-85e9-12df9a5c1d45/elements {"using": "-android uiautomator", "value": "UiSelector().resourceId(\"android:id/button2\").text(\"\u0627\u0646\u0635\u0631\u0627\u0641\")"}</msg>
<msg timestamp="20210207 08:57:20.969" level="DEBUG">http://127.0.0.1:4723 "POST /wd/hub/session/03cb6a7a-8f9d-4457-85e9-12df9a5c1d45/elements HTTP/1.1" 200 139</msg>
<msg timestamp="20210207 08:57:20.970" level="DEBUG">Finished Request</msg>
<msg timestamp="20210207 08:57:20.971" level="DEBUG">POST http://127.0.0.1:4723/wd/hub/session/03cb6a7a-8f9d-4457-85e9-12df9a5c1d45/element/3cf2b322-ee53-4cb1-9b66-af3d4f186c96/click {"id": "3cf2b322-ee53-4cb1-9b66-af3d4f186c96"}</msg>
<msg timestamp="20210207 08:57:21.208" level="DEBUG">http://127.0.0.1:4723 "POST /wd/hub/session/03cb6a7a-8f9d-4457-85e9-12df9a5c1d45/element/3cf2b322-ee53-4cb1-9b66-af3d4f186c96/click HTTP/1.1" 200 14</msg>
<msg timestamp="20210207 08:57:21.209" level="DEBUG">Finished Request</msg>
<msg timestamp="20210207 08:57:21.209" level="TRACE">Return: None</msg>
<status status="PASS" starttime="20210207 08:57:19.803" endtime="20210207 08:57:21.210"></status>
</kw>
<msg timestamp="20210207 08:57:21.210" level="TRACE">Return: None</msg>
<status status="PASS" starttime="20210207 08:57:07.657" endtime="20210207 08:57:21.210"></status>
</kw>
<kw name="Sleep" library="BuiltIn">
<doc>Pauses the test executed for the given time.</doc>
<arguments>
<arg>300ms</arg>
</arguments>
<msg timestamp="20210207 08:57:21.211" level="TRACE">Arguments: [ '300ms' ]</msg>
<msg timestamp="20210207 08:57:21.521" level="INFO">Slept 300 milliseconds</msg>
<msg timestamp="20210207 08:57:21.521" level="TRACE">Return: None</msg>
<status status="PASS" starttime="20210207 08:57:21.210" endtime="20210207 08:57:21.521"></status>
</kw>
<msg timestamp="20210207 08:57:21.521" level="TRACE">Return: None</msg>
<status status="PASS" starttime="20210207 08:57:07.656" endtime="20210207 08:57:21.522"></status>
</kw>
<msg timestamp="20210207 08:57:21.522" level="TRACE">Return: None</msg>
<status status="PASS" starttime="20210207 08:57:06.061" endtime="20210207 08:57:21.522"></status>
</kw>
<kw name="Insert Photo From Listing Images To Device">
<msg timestamp="20210207 08:57:21.524" level="TRACE">Arguments: [  ]</msg>
<kw name="Push File" library="AppiumLibrary">
<doc>Puts the data in the file specified as `path`.</doc>
<arguments>
<arg>mnt/sdcard/Pictures/1.jpg</arg>
<arg>${Image_Path}\\1.jpg</arg>
</arguments>
<msg timestamp="20210207 08:57:21.524" level="TRACE">Arguments: [ 'mnt/sdcard/Pictures/1.jpg' | 'D:\\Robot Framework\\MobileTest\\TesCases\\..\\TestData\\Images\\1.jpg' ]</msg>
<kw name="Capture Page Screenshot" library="AppiumLibrary">
<doc>Takes a screenshot of the current page and embeds it into the log.</doc>
<msg timestamp="20210207 08:57:21.525" level="TRACE">Arguments: [  ]</msg>
<msg timestamp="20210207 08:57:21.527" level="DEBUG">GET http://127.0.0.1:4723/wd/hub/session/03cb6a7a-8f9d-4457-85e9-12df9a5c1d45/screenshot {}</msg>
<msg timestamp="20210207 08:57:24.277" level="DEBUG">http://127.0.0.1:4723 "GET /wd/hub/session/03cb6a7a-8f9d-4457-85e9-12df9a5c1d45/screenshot HTTP/1.1" 200 188092</msg>
<msg timestamp="20210207 08:57:24.280" level="DEBUG">Finished Request</msg>
<msg timestamp="20210207 08:57:24.290" level="INFO" html="yes">&lt;/td&gt;&lt;/tr&gt;&lt;tr&gt;&lt;td colspan="3"&gt;&lt;a href="appium-screenshot-2.png"&gt;&lt;img src="appium-screenshot-2.png" width="800px"&gt;&lt;/a&gt;</msg>
<msg timestamp="20210207 08:57:24.290" level="TRACE">Return: 'D:\\Robot Framework\\MobileTest\\Results\\appium-screenshot-2.png'</msg>
<status status="PASS" starttime="20210207 08:57:21.525" endtime="20210207 08:57:24.290"></status>
</kw>
<msg timestamp="20210207 08:57:24.297" level="FAIL">TypeError: Object of type 'bytes' is not JSON serializable</msg>
<msg timestamp="20210207 08:57:24.297" level="DEBUG">Traceback (most recent call last):
  File "&lt;decorator-gen-87&gt;", line 2, in push_file
  File "c:\users\forough\appdata\local\programs\python\python36\lib\site-packages\AppiumLibrary\keywords\keywordgroup.py", line 21, in _run_on_failure_decorator
    raise err
  File "c:\users\forough\appdata\local\programs\python\python36\lib\site-packages\AppiumLibrary\keywords\keywordgroup.py", line 16, in _run_on_failure_decorator
    return method(*args, **kwargs)
  File "c:\users\forough\appdata\local\programs\python\python36\lib\site-packages\AppiumLibrary\keywords\_android_utils.py", line 78, in push_file
    driver.push_file(path, data)
  File "c:\users\forough\appdata\local\programs\python\python36\lib\site-packages\appium\webdriver\extensions\remote_fs.py", line 90, in push_file
    self.execute(Command.PUSH_FILE, data)
  File "c:\users\forough\appdata\local\programs\python\python36\lib\site-packages\selenium\webdriver\remote\webdriver.py", line 319, in execute
    response = self.command_executor.execute(driver_command, params)
  File "c:\users\forough\appdata\local\programs\python\python36\lib\site-packages\selenium\webdriver\remote\remote_connection.py", line 372, in execute
    data = utils.dump_json(params)
  File "c:\users\forough\appdata\local\programs\python\python36\lib\site-packages\selenium\webdriver\remote\utils.py", line 33, in dump_json
    return json.dumps(json_struct)
  File "c:\users\forough\appdata\local\programs\python\python36\lib\json\__init__.py", line 231, in dumps
    return _default_encoder.encode(obj)
  File "c:\users\forough\appdata\local\programs\python\python36\lib\json\encoder.py", line 199, in encode
    chunks = self.iterencode(o, _one_shot=True)
  File "c:\users\forough\appdata\local\programs\python\python36\lib\json\encoder.py", line 257, in iterencode
    return _iterencode(o, 0)
  File "c:\users\forough\appdata\local\programs\python\python36\lib\json\encoder.py", line 180, in default
    o.__class__.__name__)</msg>
<status status="FAIL" starttime="20210207 08:57:21.524" endtime="20210207 08:57:24.297"></status>
</kw>
<status status="FAIL" starttime="20210207 08:57:21.523" endtime="20210207 08:57:24.298"></status>
</kw>
<status status="FAIL" starttime="20210207 08:56:38.237" endtime="20210207 08:57:24.303" critical="yes">TypeError: Object of type 'bytes' is not JSON serializable</status>
</test>
<doc>A test suite with a single test for testing Install and Run Sheypoor App.</doc>
<status status="FAIL" starttime="20210207 08:56:37.877" endtime="20210207 08:57:24.308"></status>
</suite>
<statistics>
<total>
<stat pass="0" fail="1">Critical Tests</stat>
<stat pass="0" fail="1">All Tests</stat>
</total>
<tag>
</tag>
<suite>
<stat pass="0" fail="1" id="s1" name="InstallApp2">InstallApp2</stat>
</suite>
</statistics>
<errors>
</errors>
</robot>
